TN:test
SF:/home/skushneryuk/study/formal_languages/workshop1/automata.cpp
FN:6,_ZNK25too_many_states_exception4whatEv
FN:10,_ZNK31too_many_start_states_exception4whatEv
FN:14,_ZNK31incorrect_polish_expr_exception4whatEv
FN:21,_ZNK5State8get_nameB5cxx11Ev
FN:25,_ZNK5State12get_is_startEv
FN:29,_ZNK5State13get_is_acceptEv
FN:33,_ZN5StatepLERKS_
FN:39,_ZN5State11make_acceptEv
FN:46,_ZNK10TransitionltERKS_
FN:54,_ZNK10Transition8get_exprB5cxx11Ev
FN:58,_ZNK10Transition10get_finishEv
FN:66,_ZN9Automaton20_recalc_state_numberEv
FN:70,_ZN9Automaton25_recalc_transition_numberEv
FN:78,_ZNK9Automaton15output_alphabetERSo
FN:87,_ZNK9Automaton13output_statesERSo
FN:97,_ZNK9Automaton18output_transitionsERSo
FN:109,_ZlsRSoRK9Automaton
FN:119,_ZN9AutomatonC2ERKSt6vectorI5StateSaIS1_EERKS0_ISt3setI10TransitionSt4lessIS7_ESaIS7_EESaISB_EE
FN:145,_ZN9AutoBlockC2ERKS_
FN:145,_ZN9AutoBlockD2Ev
FN:145,_ZN9AutoBlockC2Ev
FN:147,_ZN9AutomatonC2ERKNSt7__cxx1112basic_stringIcSt11char_traitsIcESaIcEEE
FN:239,_ZN9Automaton20_make_leq_one_letterEv
FN:267,_ZN9Automaton27_remove_epsilon_transitionsEv
FN:279,_ZN9Automaton34_push_epsilon_transitions_in_stateERKmRKSt6vectorISt3setI10TransitionSt4lessIS4_ESaIS4_EESaIS8_EE
FN:309,_ZN9Automaton15_add_transitionERKmS1_RKNSt7__cxx1112basic_stringIcSt11char_traitsIcESaIcEEE
FN:316,_ZN9Automaton18_delete_transitionERKmRK10Transition
FN:323,_ZN9Automaton10_add_stateERKNSt7__cxx1112basic_stringIcSt11char_traitsIcESaIcEEERKbS9_
FN:329,_ZN9Automaton15make_one_letterEv
FN:338,_ZN9Automaton19_remove_unreachableEv
FN:362,_ZN9Automaton14remove_uselessEv
FN:366,_ZNK9Automaton16get_state_numberEv
FN:370,_ZNK9Automaton21get_transition_numberEv
FN:374,_ZN9Automaton29_find_reachable_state_by_wordERKmRKNSt7__cxx1112basic_stringIcSt11char_traitsIcESaIcEEERSt3setImSt4lessImESaImEE
FN:399,_Z35find_longest_path_in_directed_graphRKSt6vectorISt3setImSt4lessImESaImEESaIS4_EE
FN:428,_ZN9Automaton36solve_workshop_problem_for_automatonERKNSt7__cxx1112basic_stringIcSt11char_traitsIcESaIcEEE
FN:442,_ZN11CycleFinder9dfs_cycleERKm
FN:464,_ZN9TopSorterC2ERKSt6vectorISt3setImSt4lessImESaImEESaIS5_EE
FN:468,_ZN9TopSorter7_dfs_tsERKm
FN:477,_ZN9TopSorter16topological_sortEv
FN:482,_GLOBAL__sub_I__ZNK25too_many_states_exception4whatEv
FN:482,_Z41__static_initialization_and_destruction_0ii
FNDA:0,_ZlsRSoRK9Automaton
FNDA:575,_ZNK10TransitionltERKS_
FNDA:1,_Z41__static_initialization_and_destruction_0ii
FNDA:84,_ZN9Automaton34_push_epsilon_transitions_in_stateERKmRKSt6vectorISt3setI10TransitionSt4lessIS4_ESaIS4_EESaIS8_EE
FNDA:3,_ZN9Automaton25_recalc_transition_numberEv
FNDA:6,_Z35find_longest_path_in_directed_graphRKSt6vectorISt3setImSt4lessImESaImEESaIS4_EE
FNDA:2,_ZN9TopSorter16topological_sortEv
FNDA:260,_ZN9AutoBlockD2Ev
FNDA:6,_ZN9Automaton36solve_workshop_problem_for_automatonERKNSt7__cxx1112basic_stringIcSt11char_traitsIcESaIcEEE
FNDA:2,_ZN9TopSorterC2ERKSt6vectorISt3setImSt4lessImESaImEESaIS5_EE
FNDA:4,_ZN9AutomatonC2ERKSt6vectorI5StateSaIS1_EERKS0_ISt3setI10TransitionSt4lessIS7_ESaIS7_EESaISB_EE
FNDA:33,_ZN5State11make_acceptEv
FNDA:97,_ZNK5State13get_is_acceptEv
FNDA:0,_ZNK31too_many_start_states_exception4whatEv
FNDA:30,_ZN9TopSorter7_dfs_tsERKm
FNDA:10,_ZN9AutomatonC2ERKNSt7__cxx1112basic_stringIcSt11char_traitsIcESaIcEEE
FNDA:82,_ZN9Automaton10_add_stateERKNSt7__cxx1112basic_stringIcSt11char_traitsIcESaIcEEERKbS9_
FNDA:695,_ZNK10Transition8get_exprB5cxx11Ev
FNDA:71,_ZN9Automaton29_find_reachable_state_by_wordERKmRKNSt7__cxx1112basic_stringIcSt11char_traitsIcESaIcEEERSt3setImSt4lessImESaImEE
FNDA:0,_ZNK9Automaton13output_statesERSo
FNDA:94,_ZN9Automaton15_add_transitionERKmS1_RKNSt7__cxx1112basic_stringIcSt11char_traitsIcESaIcEEE
FNDA:6,_ZNK5State8get_nameB5cxx11Ev
FNDA:58,_ZN9AutoBlockC2Ev
FNDA:50,_ZN11CycleFinder9dfs_cycleERKm
FNDA:494,_ZNK10Transition10get_finishEv
FNDA:8,_ZN9Automaton14remove_uselessEv
FNDA:0,_ZNK25too_many_states_exception4whatEv
FNDA:3,_ZN9Automaton20_recalc_state_numberEv
FNDA:12,_ZN9Automaton15make_one_letterEv
FNDA:7,_ZNK9Automaton16get_state_numberEv
FNDA:2,_ZN5StatepLERKS_
FNDA:0,_ZNK9Automaton15output_alphabetERSo
FNDA:202,_ZN9AutoBlockC2ERKS_
FNDA:7,_ZNK9Automaton21get_transition_numberEv
FNDA:19,_ZNK5State12get_is_startEv
FNDA:2,_ZN9Automaton18_delete_transitionERKmRK10Transition
FNDA:8,_ZN9Automaton19_remove_unreachableEv
FNDA:9,_ZN9Automaton27_remove_epsilon_transitionsEv
FNDA:0,_ZNK9Automaton18output_transitionsERSo
FNDA:9,_ZN9Automaton20_make_leq_one_letterEv
FNDA:1,_GLOBAL__sub_I__ZNK25too_many_states_exception4whatEv
FNDA:0,_ZNK31incorrect_polish_expr_exception4whatEv
FNF:42
FNH:35
DA:6,0
DA:7,0
DA:10,0
DA:11,0
DA:14,0
DA:15,0
DA:21,6
DA:22,6
DA:25,19
DA:26,19
DA:29,97
DA:30,97
DA:33,2
DA:34,2
DA:35,2
DA:36,2
DA:37,2
DA:39,33
DA:40,33
DA:41,33
DA:46,575
DA:47,575
DA:48,268
DA:50,307
DA:54,695
DA:55,695
DA:58,494
DA:59,494
DA:66,3
DA:67,3
DA:68,3
DA:70,3
DA:71,3
DA:72,14
DA:73,11
DA:75,3
DA:78,0
DA:79,0
DA:80,0
DA:81,0
DA:82,0
DA:84,0
DA:85,0
DA:87,0
DA:88,0
DA:89,0
DA:90,0
DA:91,0
DA:92,0
DA:94,0
DA:95,0
DA:97,0
DA:98,0
DA:99,0
DA:100,0
DA:101,0
DA:102,0
DA:105,0
DA:106,0
DA:109,0
DA:110,0
DA:112,0
DA:113,0
DA:114,0
DA:116,0
DA:119,4
DA:121,5
DA:122,19
DA:123,43
DA:124,53
DA:125,25
DA:129,16
DA:130,13
DA:131,5
DA:132,4
DA:134,1
DA:138,3
DA:139,3
DA:140,3
DA:145,520
DA:147,14
DA:148,20
DA:149,143
DA:150,136
DA:151,13
DA:152,123
DA:153,38
DA:154,1
DA:156,74
DA:157,74
DA:158,37
DA:159,6
DA:160,6
DA:161,16
DA:162,10
DA:164,14
DA:165,8
DA:167,6
DA:168,6
DA:170,31
DA:171,31
DA:172,31
DA:173,31
DA:174,31
DA:176,85
DA:177,12
DA:178,1
DA:180,22
DA:181,22
DA:182,11
DA:183,11
DA:184,11
DA:185,73
DA:186,15
DA:187,1
DA:189,14
DA:190,14
DA:191,4
DA:192,4
DA:193,13
DA:194,9
DA:196,14
DA:197,10
DA:199,4
DA:200,4
DA:201,4
DA:202,18
DA:204,20
DA:205,10
DA:206,10
DA:207,20
DA:208,10
DA:212,58
DA:213,58
DA:214,58
DA:215,116
DA:216,58
DA:217,58
DA:218,58
DA:221,7
DA:222,1
DA:224,6
DA:225,6
DA:226,6
DA:227,12
DA:228,6
DA:231,6
DA:232,6
DA:233,6
DA:234,12
DA:235,6
DA:237,6
DA:239,9
DA:240,9
DA:241,91
DA:242,164
DA:243,190
DA:244,108
DA:245,2
DA:248,86
DA:249,4
DA:250,2
DA:251,2
DA:252,2
DA:253,6
DA:254,4
DA:255,4
DA:256,2
DA:258,2
DA:260,4
DA:261,4
DA:265,9
DA:267,9
DA:268,18
DA:269,9
DA:270,9
DA:271,93
DA:272,84
DA:274,93
DA:275,84
DA:277,9
DA:279,84
DA:280,168
DA:281,168
DA:282,84
DA:283,432
DA:284,174
DA:285,174
DA:286,174
DA:287,4
DA:289,170
DA:290,170
DA:291,260
DA:292,211
DA:293,121
DA:295,90
DA:296,90
DA:297,32
DA:301,84
DA:302,262
DA:303,89
DA:304,89
DA:305,89
DA:307,84
DA:309,94
DA:310,94
DA:311,94
DA:312,94
DA:313,94
DA:314,94
DA:316,2
DA:317,2
DA:318,2
DA:319,2
DA:320,2
DA:321,2
DA:323,82
DA:324,82
DA:325,82
DA:326,82
DA:327,82
DA:329,12
DA:330,12
DA:331,3
DA:333,9
DA:334,9
DA:335,9
DA:338,8
DA:339,16
DA:340,16
DA:341,8
DA:342,146
DA:343,69
DA:344,69
DA:345,69
DA:346,11
DA:348,58
DA:349,160
DA:350,102
DA:351,61
DA:355,107
DA:356,99
DA:357,41
DA:360,8
DA:362,8
DA:363,8
DA:364,8
DA:366,7
DA:367,7
DA:370,7
DA:371,7
DA:374,71
DA:375,142
DA:376,142
DA:377,142
DA:378,361
DA:379,145
DA:381,145
DA:382,145
DA:383,185
DA:384,40
DA:385,80
DA:387,221
DA:388,116
DA:389,74
DA:390,74
DA:397,71
DA:399,6
DA:400,6
DA:401,12
DA:404,12
DA:405,6
DA:406,45
DA:407,43
DA:408,4
DA:412,4
DA:413,2
DA:414,4
DA:415,32
DA:416,43
DA:417,13
DA:421,2
DA:422,32
DA:423,30
DA:425,2
DA:428,6
DA:429,6
DA:430,6
DA:431,12
DA:432,77
DA:433,71
DA:435,12
DA:442,50
DA:443,50
DA:444,5
DA:445,45
DA:447,60
DA:448,20
DA:449,9
DA:451,16
DA:452,7
DA:453,1
DA:457,40
DA:458,40
DA:464,2
DA:465,2
DA:466,2
DA:468,30
DA:469,30
DA:470,43
DA:471,13
DA:472,5
DA:474,30
DA:475,30
DA:477,2
DA:478,32
DA:479,30
DA:480,25
DA:481,2
DA:482,5
LF:320
LH:285
end_of_record
TN:test
SF:/home/skushneryuk/study/formal_languages/workshop1/automata.h
FN:27,_ZN25too_many_states_exceptionD0Ev
FN:27,_ZN25too_many_states_exceptionD2Ev
FN:31,_ZN31too_many_start_states_exceptionC2Ev
FN:31,_ZN31too_many_start_states_exceptionD0Ev
FN:31,_ZN31too_many_start_states_exceptionD2Ev
FN:35,_ZN31incorrect_polish_expr_exceptionC2Ev
FN:35,_ZN31incorrect_polish_expr_exceptionD0Ev
FN:35,_ZN31incorrect_polish_expr_exceptionD2Ev
FN:40,_ZN5StateC2ERKS_
FN:40,_ZN5StateC2EOS_
FN:40,_ZN5StateD2Ev
FN:48,_ZN5StateC2ENSt7__cxx1112basic_stringIcSt11char_traitsIcESaIcEEERKbS7_
FN:61,_ZN10TransitionC2ERKS_
FN:61,_ZN10TransitionD2Ev
FN:66,_ZN10TransitionC2ENSt7__cxx1112basic_stringIcSt11char_traitsIcESaIcEEERKm
FN:73,_ZN9AutomatonD2Ev
FN:117,_ZN11CycleFinderC2ERKSt6vectorISt3setImSt4lessImESaImEESaIS5_EERS0_INS_5COLORESaISA_EE
FN:126,_ZN9TopSorterD2Ev
FNDA:0,_ZN31too_many_start_states_exceptionD0Ev
FNDA:4,_ZN31incorrect_polish_expr_exceptionC2Ev
FNDA:30,_ZN5StateC2ERKS_
FNDA:6,_ZN11CycleFinderC2ERKSt6vectorISt3setImSt4lessImESaImEESaIS5_EERS0_INS_5COLORESaISA_EE
FNDA:1,_ZN31too_many_start_states_exceptionC2Ev
FNDA:0,_ZN25too_many_states_exceptionD0Ev
FNDA:125,_ZN10TransitionC2ENSt7__cxx1112basic_stringIcSt11char_traitsIcESaIcEEERKm
FNDA:0,_ZN25too_many_states_exceptionD2Ev
FNDA:305,_ZN10TransitionC2ERKS_
FNDA:430,_ZN10TransitionD2Ev
FNDA:93,_ZN5StateC2EOS_
FNDA:9,_ZN9AutomatonD2Ev
FNDA:101,_ZN5StateC2ENSt7__cxx1112basic_stringIcSt11char_traitsIcESaIcEEERKbS7_
FNDA:2,_ZN9TopSorterD2Ev
FNDA:224,_ZN5StateD2Ev
FNDA:4,_ZN31incorrect_polish_expr_exceptionD2Ev
FNDA:0,_ZN31incorrect_polish_expr_exceptionD0Ev
FNDA:1,_ZN31too_many_start_states_exceptionD2Ev
FNF:18
FNH:14
DA:27,0
DA:31,2
DA:35,8
DA:40,347
DA:48,101
DA:49,101
DA:50,101
DA:51,303
DA:52,101
DA:61,735
DA:66,125
DA:73,9
DA:117,6
DA:126,2
LF:14
LH:13
end_of_record
TN:test
SF:/home/skushneryuk/study/formal_languages/workshop1/tests.cpp
FN:10,_ZN25Additional_StateTest_TestC2Ev
FN:10,_ZN25Additional_StateTest_Test8TestBodyEv
FN:10,_ZN25Additional_StateTest_TestD2Ev
FN:10,_ZN25Additional_StateTest_TestD0Ev
FN:47,_ZN30Additional_TransitionTest_TestC2Ev
FN:47,_ZN30Additional_TransitionTest_TestD2Ev
FN:47,_ZN30Additional_TransitionTest_Test8TestBodyEv
FN:47,_ZN30Additional_TransitionTest_TestD0Ev
FN:57,_ZN25Automata_MinDFASizes_TestD2Ev
FN:57,_ZN25Automata_MinDFASizes_Test8TestBodyEv
FN:57,_ZN25Automata_MinDFASizes_TestC2Ev
FN:57,_ZN25Automata_MinDFASizes_TestD0Ev
FN:76,_ZN30Automata_ArbitaryNFASizes_TestD2Ev
FN:76,_ZN30Automata_ArbitaryNFASizes_Test8TestBodyEv
FN:76,_ZN30Automata_ArbitaryNFASizes_TestD0Ev
FN:76,_ZN30Automata_ArbitaryNFASizes_TestC2Ev
FN:95,_ZN30Automata_HomeworkNFASizes_TestD0Ev
FN:95,_ZN30Automata_HomeworkNFASizes_TestC2Ev
FN:95,_ZN30Automata_HomeworkNFASizes_Test8TestBodyEv
FN:95,_ZN30Automata_HomeworkNFASizes_TestD2Ev
FN:113,_ZN35Automata_StartStateNumberLimit_Test8TestBodyEv
FN:113,_ZN35Automata_StartStateNumberLimit_TestD2Ev
FN:113,_ZN35Automata_StartStateNumberLimit_TestC2Ev
FN:113,_ZN35Automata_StartStateNumberLimit_TestD0Ev
FN:127,_ZN26Workshop_ExampleTests_Test8TestBodyEv
FN:127,_ZN26Workshop_ExampleTests_TestD0Ev
FN:127,_ZN26Workshop_ExampleTests_TestC2Ev
FN:127,_ZN26Workshop_ExampleTests_TestD2Ev
FN:143,_ZN22Workshop_InfTests_TestC2Ev
FN:143,_ZN22Workshop_InfTests_TestD0Ev
FN:143,_ZN22Workshop_InfTests_TestD2Ev
FN:143,_ZN22Workshop_InfTests_Test8TestBodyEv
FN:164,_ZN27Workshop_ErrorHandling_TestC2Ev
FN:164,_ZN27Workshop_ErrorHandling_TestD0Ev
FN:164,_ZN27Workshop_ErrorHandling_TestD2Ev
FN:164,_ZN27Workshop_ErrorHandling_Test8TestBodyEv
FN:179,main
FN:182,_Z41__static_initialization_and_destruction_0ii
FN:182,_GLOBAL__sub_I__ZN25Additional_StateTest_Test10test_info_E
FNDA:1,_ZN22Workshop_InfTests_TestD2Ev
FNDA:1,_ZN35Automata_StartStateNumberLimit_TestC2Ev
FNDA:1,_ZN30Automata_HomeworkNFASizes_TestC2Ev
FNDA:1,_GLOBAL__sub_I__ZN25Additional_StateTest_Test10test_info_E
FNDA:1,_ZN30Automata_HomeworkNFASizes_Test8TestBodyEv
FNDA:1,_ZN26Workshop_ExampleTests_TestD2Ev
FNDA:1,_ZN35Automata_StartStateNumberLimit_TestD0Ev
FNDA:1,_ZN30Automata_HomeworkNFASizes_TestD2Ev
FNDA:1,_ZN25Additional_StateTest_TestD0Ev
FNDA:1,_ZN22Workshop_InfTests_Test8TestBodyEv
FNDA:1,_ZN25Additional_StateTest_TestD2Ev
FNDA:1,_ZN25Additional_StateTest_Test8TestBodyEv
FNDA:1,_ZN25Additional_StateTest_TestC2Ev
FNDA:1,_ZN30Automata_ArbitaryNFASizes_TestC2Ev
FNDA:1,_ZN30Additional_TransitionTest_Test8TestBodyEv
FNDA:1,_ZN30Additional_TransitionTest_TestD0Ev
FNDA:1,_ZN27Workshop_ErrorHandling_Test8TestBodyEv
FNDA:1,_ZN25Automata_MinDFASizes_Test8TestBodyEv
FNDA:1,_ZN30Additional_TransitionTest_TestC2Ev
FNDA:1,_ZN25Automata_MinDFASizes_TestD2Ev
FNDA:1,_ZN27Workshop_ErrorHandling_TestC2Ev
FNDA:1,_Z41__static_initialization_and_destruction_0ii
FNDA:1,main
FNDA:1,_ZN22Workshop_InfTests_TestC2Ev
FNDA:1,_ZN30Automata_HomeworkNFASizes_TestD0Ev
FNDA:1,_ZN27Workshop_ErrorHandling_TestD0Ev
FNDA:1,_ZN35Automata_StartStateNumberLimit_Test8TestBodyEv
FNDA:1,_ZN30Automata_ArbitaryNFASizes_Test8TestBodyEv
FNDA:1,_ZN25Automata_MinDFASizes_TestD0Ev
FNDA:1,_ZN30Additional_TransitionTest_TestD2Ev
FNDA:1,_ZN30Automata_ArbitaryNFASizes_TestD2Ev
FNDA:1,_ZN35Automata_StartStateNumberLimit_TestD2Ev
FNDA:1,_ZN27Workshop_ErrorHandling_TestD2Ev
FNDA:1,_ZN26Workshop_ExampleTests_TestD0Ev
FNDA:1,_ZN22Workshop_InfTests_TestD0Ev
FNDA:1,_ZN26Workshop_ExampleTests_Test8TestBodyEv
FNDA:1,_ZN25Automata_MinDFASizes_TestC2Ev
FNDA:1,_ZN26Workshop_ExampleTests_TestC2Ev
FNDA:1,_ZN30Automata_ArbitaryNFASizes_TestD0Ev
FNF:39
FNH:39
DA:10,5
DA:11,2
DA:12,2
DA:13,2
DA:14,2
DA:15,1
DA:16,1
DA:17,1
DA:19,1
DA:20,1
DA:21,1
DA:23,1
DA:24,1
DA:25,1
DA:27,1
DA:28,1
DA:29,1
DA:31,1
DA:32,1
DA:34,1
DA:35,1
DA:37,1
DA:38,1
DA:39,1
DA:41,1
DA:42,1
DA:43,1
DA:44,1
DA:47,5
DA:48,2
DA:49,2
DA:50,2
DA:51,1
DA:52,1
DA:53,1
DA:54,1
DA:55,1
DA:57,5
DA:61,2
DA:66,2
DA:67,2
DA:68,1
DA:69,1
DA:71,1
DA:72,1
DA:73,1
DA:74,1
DA:76,5
DA:79,2
DA:82,2
DA:83,2
DA:84,1
DA:85,1
DA:86,1
DA:87,1
DA:88,1
DA:90,1
DA:91,1
DA:92,1
DA:93,1
DA:95,5
DA:99,2
DA:103,2
DA:104,2
DA:105,1
DA:106,1
DA:108,1
DA:109,1
DA:110,1
DA:111,1
DA:113,5
DA:117,2
DA:121,2
DA:123,2
DA:124,1
DA:127,5
DA:128,2
DA:129,2
DA:131,2
DA:132,1
DA:133,1
DA:135,2
DA:136,1
DA:137,1
DA:138,2
DA:139,1
DA:140,1
DA:141,1
DA:143,5
DA:144,2
DA:145,2
DA:146,2
DA:147,2
DA:148,2
DA:149,2
DA:150,2
DA:151,2
DA:153,2
DA:154,2
DA:155,2
DA:156,2
DA:157,1
DA:158,1
DA:159,1
DA:160,1
DA:161,1
DA:164,5
DA:165,2
DA:166,2
DA:167,2
DA:168,2
DA:170,2
DA:171,2
DA:172,2
DA:173,2
DA:174,1
DA:179,1
DA:180,1
DA:181,1
DA:182,3
LF:120
LH:120
end_of_record
TN:test
SF:/usr/include/c++/7/bits/alloc_traits.h
FN:435,_ZNSt16allocator_traitsISaIcEE8allocateERS0_m
FN:435,_ZNSt16allocator_traitsISaISt3setI10TransitionSt4lessIS1_ESaIS1_EEEE8allocateERS6_m
FN:435,_ZNSt16allocator_traitsISaISt3setImSt4lessImESaImEEEE8allocateERS5_m
FN:435,_ZNSt16allocator_traitsISaI10TransitionEE8allocateERS1_m
FN:435,_ZNSt16allocator_traitsISaISt13_Rb_tree_nodeINSt7__cxx1112basic_stringIcSt11char_traitsIcESaIcEEEEEE8allocateERS8_m
FN:435,_ZNSt16allocator_traitsISaISt4pairImmEEE8allocateERS2_m
FN:435,_ZNSt16allocator_traitsISaIP10TransitionEE8allocateERS2_m
FN:435,_ZNSt16allocator_traitsISaIiEE8allocateERS0_m
FN:435,_ZNSt16allocator_traitsISaI9AutoBlockEE8allocateERS1_m
FN:435,_ZNSt16allocator_traitsISaISt13_Rb_tree_nodeISt4pairImmEEEE8allocateERS4_m
FN:435,_ZNSt16allocator_traitsISaIPiEE8allocateERS1_m
FN:435,_ZNSt16allocator_traitsISaI5StateEE8allocateERS1_m
FN:435,_ZNSt16allocator_traitsISaIPmEE8allocateERS1_m
FN:435,_ZNSt16allocator_traitsISaISt13_Rb_tree_nodeI10TransitionEEE8allocateERS3_m
FN:435,_ZNSt16allocator_traitsISaIPSt4pairImmEEE8allocateERS3_m
FN:435,_ZNSt16allocator_traitsISaIN11CycleFinder5COLOREEE8allocateERS2_m
FN:435,_ZNSt16allocator_traitsISaISt13_Rb_tree_nodeISt4pairImNSt7__cxx1112basic_stringIcSt11char_traitsIcESaIcEEEEEEE8allocateERSA_m
FN:435,_ZNSt16allocator_traitsISaIP9AutoBlockEE8allocateERS2_m
FN:435,_ZNSt16allocator_traitsISaImEE8allocateERS0_m
FN:435,_ZNSt16allocator_traitsISaISt13_Rb_tree_nodeImEEE8allocateERS2_m
FN:461,_ZNSt16allocator_traitsISaISt3setImSt4lessImESaImEEEE10deallocateERS5_PS4_m
FN:461,_ZNSt16allocator_traitsISaISt13_Rb_tree_nodeINSt7__cxx1112basic_stringIcSt11char_traitsIcESaIcEEEEEE10deallocateERS8_PS7_m
FN:461,_ZNSt16allocator_traitsISaImEE10deallocateERS0_Pmm
FN:461,_ZNSt16allocator_traitsISaIP10TransitionEE10deallocateERS2_PS1_m
FN:461,_ZNSt16allocator_traitsISaIiEE10deallocateERS0_Pim
FN:461,_ZNSt16allocator_traitsISaIcEE10deallocateERS0_Pcm
FN:461,_ZNSt16allocator_traitsISaIPSt4pairImmEEE10deallocateERS3_PS2_m
FN:461,_ZNSt16allocator_traitsISaISt13_Rb_tree_nodeISt4pairImNSt7__cxx1112basic_stringIcSt11char_traitsIcESaIcEEEEEEE10deallocateERSA_PS9_m
FN:461,_ZNSt16allocator_traitsISaI9AutoBlockEE10deallocateERS1_PS0_m
FN:461,_ZNSt16allocator_traitsISaISt4pairImmEEE10deallocateERS2_PS1_m
FN:461,_ZNSt16allocator_traitsISaISt13_Rb_tree_nodeISt4pairImmEEEE10deallocateERS4_PS3_m
FN:461,_ZNSt16allocator_traitsISaIN11CycleFinder5COLOREEE10deallocateERS2_PS1_m
FN:461,_ZNSt16allocator_traitsISaIPmEE10deallocateERS1_PS0_m
FN:461,_ZNSt16allocator_traitsISaISt3setI10TransitionSt4lessIS1_ESaIS1_EEEE10deallocateERS6_PS5_m
FN:461,_ZNSt16allocator_traitsISaIPiEE10deallocateERS1_PS0_m
FN:461,_ZNSt16allocator_traitsISaI5StateEE10deallocateERS1_PS0_m
FN:461,_ZNSt16allocator_traitsISaISt13_Rb_tree_nodeImEEE10deallocateERS2_PS1_m
FN:461,_ZNSt16allocator_traitsISaIP9AutoBlockEE10deallocateERS2_PS1_m
FN:461,_ZNSt16allocator_traitsISaI10TransitionEE10deallocateERS1_PS0_m
FN:461,_ZNSt16allocator_traitsISaISt13_Rb_tree_nodeI10TransitionEEE10deallocateERS3_PS2_m
FN:474,_ZNSt16allocator_traitsISaISt4pairImmEEE9constructIS1_JS1_EEEvRS2_PT_DpOT0_
FN:474,_ZNSt16allocator_traitsISaISt3setI10TransitionSt4lessIS1_ESaIS1_EEEE9constructIS5_JEEEvRS6_PT_DpOT0_
FN:474,_ZNSt16allocator_traitsISaIiEE9constructIiJiEEEvRS0_PT_DpOT0_
FN:474,_ZNSt16allocator_traitsISaISt13_Rb_tree_nodeI10TransitionEEE9constructIS1_JRKNSt7__cxx1112basic_stringIcSt11char_traitsIcESaIcEEERKmEEEvRS3_PT_DpOT0_
FN:474,_ZNSt16allocator_traitsISaI5StateEE9constructIS0_JRKNSt7__cxx1112basic_stringIcSt11char_traitsIcESaIcEEERKbSD_EEEvRS1_PT_DpOT0_
FN:474,_ZNSt16allocator_traitsISaISt13_Rb_tree_nodeISt4pairImNSt7__cxx1112basic_stringIcSt11char_traitsIcESaIcEEEEEEE9constructIS8_JRKS8_EEEvRSA_PT_DpOT0_
FN:474,_ZNSt16allocator_traitsISaI10TransitionEE9constructIS0_JRKS0_EEEvRS1_PT_DpOT0_
FN:474,_ZNSt16allocator_traitsISaISt13_Rb_tree_nodeI10TransitionEEE9constructIS1_JRKS1_EEEvRS3_PT_DpOT0_
FN:474,_ZNSt16allocator_traitsISaISt13_Rb_tree_nodeImEEE9constructImJRKmEEEvRS2_PT_DpOT0_
FN:474,_ZNSt16allocator_traitsISaI9AutoBlockEE9constructIS0_JRKS0_EEEvRS1_PT_DpOT0_
FN:474,_ZNSt16allocator_traitsISaISt13_Rb_tree_nodeISt4pairImNSt7__cxx1112basic_stringIcSt11char_traitsIcESaIcEEEEEEE9constructIS8_JS8_EEEvRSA_PT_DpOT0_
FN:474,_ZNSt16allocator_traitsISaISt13_Rb_tree_nodeINSt7__cxx1112basic_stringIcSt11char_traitsIcESaIcEEEEEE9constructIS6_JS6_EEEvRS8_PT_DpOT0_
FN:474,_ZNSt16allocator_traitsISaISt13_Rb_tree_nodeISt4pairImmEEEE9constructIS2_JRKS2_EEEvRS4_PT_DpOT0_
FN:474,_ZNSt16allocator_traitsISaImEE9constructImJRKmEEEvRS0_PT_DpOT0_
FN:486,_ZNSt16allocator_traitsISaISt13_Rb_tree_nodeINSt7__cxx1112basic_stringIcSt11char_traitsIcESaIcEEEEEE7destroyIS6_EEvRS8_PT_
FN:486,_ZNSt16allocator_traitsISaI9AutoBlockEE7destroyIS0_EEvRS1_PT_
FN:486,_ZNSt16allocator_traitsISaISt13_Rb_tree_nodeISt4pairImNSt7__cxx1112basic_stringIcSt11char_traitsIcESaIcEEEEEEE7destroyIS8_EEvRSA_PT_
FN:486,_ZNSt16allocator_traitsISaISt3setI10TransitionSt4lessIS1_ESaIS1_EEEE7destroyIS5_EEvRS6_PT_
FN:486,_ZNSt16allocator_traitsISaImEE7destroyImEEvRS0_PT_
FN:486,_ZNSt16allocator_traitsISaI5StateEE7destroyIS0_EEvRS1_PT_
FN:486,_ZNSt16allocator_traitsISaISt13_Rb_tree_nodeImEEE7destroyImEEvRS2_PT_
FN:486,_ZNSt16allocator_traitsISaI10TransitionEE7destroyIS0_EEvRS1_PT_
FN:486,_ZNSt16allocator_traitsISaIiEE7destroyIiEEvRS0_PT_
FN:486,_ZNSt16allocator_traitsISaISt13_Rb_tree_nodeI10TransitionEEE7destroyIS1_EEvRS3_PT_
FN:486,_ZNSt16allocator_traitsISaISt4pairImmEEE7destroyIS1_EEvRS2_PT_
FN:486,_ZNSt16allocator_traitsISaISt13_Rb_tree_nodeISt4pairImmEEEE7destroyIS2_EEvRS4_PT_
FN:495,_ZNSt16allocator_traitsISaISt3setI10TransitionSt4lessIS1_ESaIS1_EEEE8max_sizeERKS6_
FN:495,_ZNSt16allocator_traitsISaImEE8max_sizeERKS0_
FN:495,_ZNSt16allocator_traitsISaI5StateEE8max_sizeERKS1_
FN:495,_ZNSt16allocator_traitsISaIcEE8max_sizeERKS0_
FN:504,_ZNSt16allocator_traitsISaI5StateEE37select_on_container_copy_constructionERKS1_
FN:504,_ZNSt16allocator_traitsISaISt3setI10TransitionSt4lessIS1_ESaIS1_EEEE37select_on_container_copy_constructionERKS6_
FN:504,_ZNSt16allocator_traitsISaIcEE37select_on_container_copy_constructionERKS0_
FN:504,_ZNSt16allocator_traitsISaISt13_Rb_tree_nodeI10TransitionEEE37select_on_container_copy_constructionERKS3_
FN:504,_ZNSt16allocator_traitsISaISt13_Rb_tree_nodeISt4pairImNSt7__cxx1112basic_stringIcSt11char_traitsIcESaIcEEEEEEE37select_on_container_copy_constructionERKSA_
FN:504,_ZNSt16allocator_traitsISaISt13_Rb_tree_nodeImEEE37select_on_container_copy_constructionERKS2_
FN:516,_ZSt18__do_alloc_on_copyISaISt13_Rb_tree_nodeISt4pairImNSt7__cxx1112basic_stringIcSt11char_traitsIcESaIcEEEEEEEvRT_RKSB_St17integral_constantIbLb0EE
FN:520,_ZSt15__alloc_on_copyISaISt13_Rb_tree_nodeISt4pairImNSt7__cxx1112basic_stringIcSt11char_traitsIcESaIcEEEEEEEvRT_RKSB_
FN:558,_ZSt18__do_alloc_on_swapISaISt3setI10TransitionSt4lessIS1_ESaIS1_EEEEvRT_S8_St17integral_constantIbLb0EE
FN:562,_ZSt15__alloc_on_swapISaISt3setI10TransitionSt4lessIS1_ESaIS1_EEEEvRT_S8_
FNDA:0,_ZNSt16allocator_traitsISaISt3setI10TransitionSt4lessIS1_ESaIS1_EEEE7destroyIS5_EEvRS6_PT_
FNDA:71,_ZNSt16allocator_traitsISaIPSt4pairImmEEE10deallocateERS3_PS2_m
FNDA:69,_ZNSt16allocator_traitsISaImEE7destroyImEEvRS0_PT_
FNDA:82,_ZNSt16allocator_traitsISaI5StateEE9constructIS0_JRKNSt7__cxx1112basic_stringIcSt11char_traitsIcESaIcEEERKbSD_EEEvRS1_PT_DpOT0_
FNDA:77,_ZNSt16allocator_traitsISaIcEE10deallocateERS0_Pcm
FNDA:97,_ZNSt16allocator_traitsISaIiEE8allocateERS0_m
FNDA:82,_ZNSt16allocator_traitsISaIP10TransitionEE8allocateERS2_m
FNDA:353,_ZNSt16allocator_traitsISaISt13_Rb_tree_nodeISt4pairImNSt7__cxx1112basic_stringIcSt11char_traitsIcESaIcEEEEEEE7destroyIS8_EEvRSA_PT_
FNDA:24,_ZNSt16allocator_traitsISaImEE8max_sizeERKS0_
FNDA:2,_ZNSt16allocator_traitsISaI10TransitionEE7destroyIS0_EEvRS1_PT_
FNDA:202,_ZNSt16allocator_traitsISaISt13_Rb_tree_nodeISt4pairImNSt7__cxx1112basic_stringIcSt11char_traitsIcESaIcEEEEEEE37select_on_container_copy_constructionERKSA_
FNDA:337,_ZNSt16allocator_traitsISaISt13_Rb_tree_nodeImEEE7destroyImEEvRS2_PT_
FNDA:15,_ZNSt16allocator_traitsISaI9AutoBlockEE10deallocateERS1_PS0_m
FNDA:71,_ZNSt16allocator_traitsISaISt4pairImmEEE10deallocateERS2_PS1_m
FNDA:301,_ZNSt16allocator_traitsISaISt13_Rb_tree_nodeI10TransitionEEE9constructIS1_JRKS1_EEEvRS3_PT_DpOT0_
FNDA:884,_ZNSt16allocator_traitsISaIcEE37select_on_container_copy_constructionERKS0_
FNDA:0,_ZNSt16allocator_traitsISaI5StateEE7destroyIS0_EEvRS1_PT_
FNDA:2,_ZNSt16allocator_traitsISaI10TransitionEE9constructIS0_JRKS0_EEEvRS1_PT_DpOT0_
FNDA:316,_ZNSt16allocator_traitsISaISt13_Rb_tree_nodeISt4pairImNSt7__cxx1112basic_stringIcSt11char_traitsIcESaIcEEEEEEE10deallocateERSA_PS9_m
FNDA:30,_ZNSt16allocator_traitsISaISt13_Rb_tree_nodeI10TransitionEEE37select_on_container_copy_constructionERKS3_
FNDA:281,_ZNSt16allocator_traitsISaISt13_Rb_tree_nodeISt4pairImNSt7__cxx1112basic_stringIcSt11char_traitsIcESaIcEEEEEEE9constructIS8_JRKS8_EEEvRSA_PT_DpOT0_
FNDA:82,_ZNSt16allocator_traitsISaIP10TransitionEE10deallocateERS2_PS1_m
FNDA:118,_ZNSt16allocator_traitsISaImEE10deallocateERS0_Pmm
FNDA:145,_ZNSt16allocator_traitsISaISt4pairImmEEE9constructIS1_JS1_EEEvRS2_PT_DpOT0_
FNDA:82,_ZNSt16allocator_traitsISaISt3setI10TransitionSt4lessIS1_ESaIS1_EEEE9constructIS5_JEEEvRS6_PT_DpOT0_
FNDA:35,_ZNSt16allocator_traitsISaISt13_Rb_tree_nodeINSt7__cxx1112basic_stringIcSt11char_traitsIcESaIcEEEEEE10deallocateERS8_PS7_m
FNDA:186,_ZNSt16allocator_traitsISaIiEE9constructIiJiEEEvRS0_PT_DpOT0_
FNDA:55,_ZNSt16allocator_traitsISaISt3setI10TransitionSt4lessIS1_ESaIS1_EEEE8allocateERS6_m
FNDA:4,_ZNSt16allocator_traitsISaI5StateEE37select_on_container_copy_constructionERKS1_
FNDA:6,_ZNSt16allocator_traitsISaISt3setImSt4lessImESaImEEEE8allocateERS5_m
FNDA:76,_ZNSt16allocator_traitsISaISt3setI10TransitionSt4lessIS1_ESaIS1_EEEE8max_sizeERKS6_
FNDA:97,_ZNSt16allocator_traitsISaIcEE8allocateERS0_m
FNDA:6,_ZNSt16allocator_traitsISaISt3setImSt4lessImESaImEEEE10deallocateERS5_PS4_m
FNDA:96,_ZNSt16allocator_traitsISaI9AutoBlockEE7destroyIS0_EEvRS1_PT_
FNDA:4,_ZNSt16allocator_traitsISaISt3setI10TransitionSt4lessIS1_ESaIS1_EEEE37select_on_container_copy_constructionERKS6_
FNDA:71,_ZNSt16allocator_traitsISaISt4pairImmEEE8allocateERS2_m
FNDA:35,_ZNSt16allocator_traitsISaISt13_Rb_tree_nodeINSt7__cxx1112basic_stringIcSt11char_traitsIcESaIcEEEEEE7destroyIS6_EEvRS8_PT_
FNDA:97,_ZNSt16allocator_traitsISaIiEE10deallocateERS0_Pim
FNDA:82,_ZNSt16allocator_traitsISaI10TransitionEE8allocateERS1_m
FNDA:35,_ZNSt16allocator_traitsISaISt13_Rb_tree_nodeINSt7__cxx1112basic_stringIcSt11char_traitsIcESaIcEEEEEE8allocateERS8_m
FNDA:94,_ZNSt16allocator_traitsISaISt13_Rb_tree_nodeI10TransitionEEE9constructIS1_JRKNSt7__cxx1112basic_stringIcSt11char_traitsIcESaIcEEERKmEEEvRS3_PT_DpOT0_
FNDA:82,_ZNSt16allocator_traitsISaI10TransitionEE10deallocateERS1_PS0_m
FNDA:145,_ZNSt16allocator_traitsISaISt4pairImmEEE7destroyIS1_EEvRS2_PT_
FNDA:0,_ZSt18__do_alloc_on_copyISaISt13_Rb_tree_nodeISt4pairImNSt7__cxx1112basic_stringIcSt11char_traitsIcESaIcEEEEEEEvRT_RKSB_St17integral_constantIbLb0EE
FNDA:10,_ZNSt16allocator_traitsISaIP9AutoBlockEE10deallocateERS2_PS1_m
FNDA:202,_ZNSt16allocator_traitsISaISt13_Rb_tree_nodeImEEE37select_on_container_copy_constructionERKS2_
FNDA:316,_ZNSt16allocator_traitsISaISt13_Rb_tree_nodeISt4pairImNSt7__cxx1112basic_stringIcSt11char_traitsIcESaIcEEEEEEE8allocateERSA_m
FNDA:337,_ZNSt16allocator_traitsISaISt13_Rb_tree_nodeImEEE10deallocateERS2_PS1_m
FNDA:0,_ZSt15__alloc_on_copyISaISt13_Rb_tree_nodeISt4pairImNSt7__cxx1112basic_stringIcSt11char_traitsIcESaIcEEEEEEEvRT_RKSB_
FNDA:46,_ZNSt16allocator_traitsISaI5StateEE10deallocateERS1_PS0_m
FNDA:395,_ZNSt16allocator_traitsISaISt13_Rb_tree_nodeI10TransitionEEE10deallocateERS3_PS2_m
FNDA:99,_ZNSt16allocator_traitsISaImEE9constructImJRKmEEEvRS0_PT_DpOT0_
FNDA:145,_ZNSt16allocator_traitsISaISt13_Rb_tree_nodeISt4pairImmEEEE7destroyIS2_EEvRS4_PT_
FNDA:337,_ZNSt16allocator_traitsISaISt13_Rb_tree_nodeImEEE8allocateERS2_m
FNDA:139,_ZNSt16allocator_traitsISaIcEE8max_sizeERKS0_
FNDA:10,_ZNSt16allocator_traitsISaIP9AutoBlockEE8allocateERS2_m
FNDA:9,_ZSt18__do_alloc_on_swapISaISt3setI10TransitionSt4lessIS1_ESaIS1_EEEEvRT_S8_St17integral_constantIbLb0EE
FNDA:118,_ZNSt16allocator_traitsISaImEE8allocateERS0_m
FNDA:145,_ZNSt16allocator_traitsISaISt13_Rb_tree_nodeISt4pairImmEEEE9constructIS2_JRKS2_EEEvRS4_PT_DpOT0_
FNDA:6,_ZNSt16allocator_traitsISaIN11CycleFinder5COLOREEE10deallocateERS2_PS1_m
FNDA:8,_ZNSt16allocator_traitsISaIPmEE10deallocateERS1_PS0_m
FNDA:337,_ZNSt16allocator_traitsISaISt13_Rb_tree_nodeImEEE9constructImJRKmEEEvRS2_PT_DpOT0_
FNDA:106,_ZNSt16allocator_traitsISaI9AutoBlockEE9constructIS0_JRKS0_EEEvRS1_PT_DpOT0_
FNDA:76,_ZNSt16allocator_traitsISaI5StateEE8max_sizeERKS1_
FNDA:145,_ZNSt16allocator_traitsISaISt13_Rb_tree_nodeISt4pairImmEEEE10deallocateERS4_PS3_m
FNDA:84,_ZNSt16allocator_traitsISaIPiEE8allocateERS1_m
FNDA:15,_ZNSt16allocator_traitsISaI9AutoBlockEE8allocateERS1_m
FNDA:9,_ZSt15__alloc_on_swapISaISt3setI10TransitionSt4lessIS1_ESaIS1_EEEEvRT_S8_
FNDA:145,_ZNSt16allocator_traitsISaISt13_Rb_tree_nodeISt4pairImmEEEE8allocateERS4_m
FNDA:6,_ZNSt16allocator_traitsISaIN11CycleFinder5COLOREEE8allocateERS2_m
FNDA:84,_ZNSt16allocator_traitsISaIPiEE10deallocateERS1_PS0_m
FNDA:395,_ZNSt16allocator_traitsISaISt13_Rb_tree_nodeI10TransitionEEE7destroyIS1_EEvRS3_PT_
FNDA:395,_ZNSt16allocator_traitsISaISt13_Rb_tree_nodeI10TransitionEEE8allocateERS3_m
FNDA:71,_ZNSt16allocator_traitsISaIPSt4pairImmEEE8allocateERS3_m
FNDA:174,_ZNSt16allocator_traitsISaIiEE7destroyIiEEvRS0_PT_
FNDA:35,_ZNSt16allocator_traitsISaISt13_Rb_tree_nodeINSt7__cxx1112basic_stringIcSt11char_traitsIcESaIcEEEEEE9constructIS6_JS6_EEEvRS8_PT_DpOT0_
FNDA:72,_ZNSt16allocator_traitsISaISt13_Rb_tree_nodeISt4pairImNSt7__cxx1112basic_stringIcSt11char_traitsIcESaIcEEEEEEE9constructIS8_JS8_EEEvRSA_PT_DpOT0_
FNDA:8,_ZNSt16allocator_traitsISaIPmEE8allocateERS1_m
FNDA:55,_ZNSt16allocator_traitsISaISt3setI10TransitionSt4lessIS1_ESaIS1_EEEE10deallocateERS6_PS5_m
FNDA:46,_ZNSt16allocator_traitsISaI5StateEE8allocateERS1_m
FNF:80
FNH:76
DA:435,2076
DA:436,2076
DA:461,2056
DA:462,2056
DA:474,1967
DA:475,1967
DA:486,1751
DA:487,1751
DA:495,315
DA:496,315
DA:504,1326
DA:505,1326
DA:516,0
DA:517,0
DA:520,0
DA:524,0
DA:525,0
DA:558,9
DA:559,9
DA:562,9
DA:566,9
DA:567,9
LF:22
LH:17
end_of_record
TN:test
SF:/usr/include/c++/7/bits/allocator.h
FN:131,_ZNSaISt3setI10TransitionSt4lessIS0_ESaIS0_EEEC2Ev
FN:131,_ZNSaISt13_Rb_tree_nodeImEEC2Ev
FN:131,_ZNSaImEC2Ev
FN:131,_ZNSaI10TransitionEC2Ev
FN:131,_ZNSaISt4pairImmEEC2Ev
FN:131,_ZNSaISt13_Rb_tree_nodeISt4pairImmEEEC2Ev
FN:131,_ZNSaI9AutoBlockEC2Ev
FN:131,_ZNSaI5StateEC2Ev
FN:131,_ZNSaIiEC2Ev
FN:131,_ZNSaISt13_Rb_tree_nodeI10TransitionEEC2Ev
FN:131,_ZNSaIN11CycleFinder5COLOREEC2Ev
FN:131,_ZNSaISt3setImSt4lessImESaImEEEC2Ev
FN:131,_ZNSaISt13_Rb_tree_nodeINSt7__cxx1112basic_stringIcSt11char_traitsIcESaIcEEEEEC2Ev
FN:131,_ZNSaIbEC2Ev
FN:131,_ZNSaISt13_Rb_tree_nodeISt4pairImNSt7__cxx1112basic_stringIcSt11char_traitsIcESaIcEEEEEEC2Ev
FN:133,_ZNSaISt13_Rb_tree_nodeISt4pairImNSt7__cxx1112basic_stringIcSt11char_traitsIcESaIcEEEEEEC2ERKS9_
FN:133,_ZNSaISt13_Rb_tree_nodeImEEC2ERKS1_
FN:133,_ZNSaImEC2ERKS_
FN:133,_ZNSaISt13_Rb_tree_nodeI10TransitionEEC2ERKS2_
FN:133,_ZNSaIN11CycleFinder5COLOREEC2ERKS1_
FN:133,_ZNSaI5StateEC2ERKS0_
FN:133,_ZNSaIiEC2ERKS_
FN:133,_ZNSaI10TransitionEC2ERKS0_
FN:133,_ZNSaISt3setImSt4lessImESaImEEEC2ERKS4_
FN:133,_ZNSaISt3setI10TransitionSt4lessIS0_ESaIS0_EEEC2ERKS5_
FN:137,_ZNSaISt13_Rb_tree_nodeI10TransitionEEC2IS0_EERKSaIT_E
FN:137,_ZNSaIPmEC2ImEERKSaIT_E
FN:137,_ZNSaIPSt4pairImmEEC2IS0_EERKSaIT_E
FN:137,_ZNSaIP10TransitionEC2IS_EERKSaIT_E
FN:137,_ZNSaIPiEC2IiEERKSaIT_E
FN:137,_ZNSaIP9AutoBlockEC2IS_EERKSaIT_E
FN:137,_ZNSaImEC2IbEERKSaIT_E
FN:139,_ZNSaISt13_Rb_tree_nodeImEED2Ev
FN:139,_ZNSaIN11CycleFinder5COLOREED2Ev
FN:139,_ZNSaISt13_Rb_tree_nodeISt4pairImmEEED2Ev
FN:139,_ZNSaI5StateED2Ev
FN:139,_ZNSaIP10TransitionED2Ev
FN:139,_ZNSaImED2Ev
FN:139,_ZNSaISt3setImSt4lessImESaImEEED2Ev
FN:139,_ZNSaISt3setI10TransitionSt4lessIS0_ESaIS0_EEED2Ev
FN:139,_ZNSaISt4pairImmEED2Ev
FN:139,_ZNSaIPmED2Ev
FN:139,_ZNSaIbED2Ev
FN:139,_ZNSaIP9AutoBlockED2Ev
FN:139,_ZNSaI10TransitionED2Ev
FN:139,_ZNSaISt13_Rb_tree_nodeINSt7__cxx1112basic_stringIcSt11char_traitsIcESaIcEEEEED2Ev
FN:139,_ZNSaI9AutoBlockED2Ev
FN:139,_ZNSaIiED2Ev
FN:139,_ZNSaISt13_Rb_tree_nodeISt4pairImNSt7__cxx1112basic_stringIcSt11char_traitsIcESaIcEEEEEED2Ev
FN:139,_ZNSaISt13_Rb_tree_nodeI10TransitionEED2Ev
FN:139,_ZNSaIPiED2Ev
FN:139,_ZNSaIPSt4pairImmEED2Ev
FN:164,_ZStneISt13_Rb_tree_nodeISt4pairImNSt7__cxx1112basic_stringIcSt11char_traitsIcESaIcEEEEEEbRKSaIT_ESD_
FNDA:12,_ZNSaISt3setImSt4lessImESaImEEED2Ev
FNDA:208,_ZNSaImED2Ev
FNDA:16,_ZNSaIPmEC2ImEERKSaIT_E
FNDA:164,_ZNSaIP10TransitionED2Ev
FNDA:12,_ZNSaImEC2Ev
FNDA:71,_ZNSaISt13_Rb_tree_nodeISt4pairImmEEEC2Ev
FNDA:98,_ZNSaImEC2ERKS_
FNDA:202,_ZNSaISt13_Rb_tree_nodeImEEC2ERKS1_
FNDA:164,_ZNSaIP10TransitionEC2IS_EERKSaIT_E
FNDA:168,_ZNSaIPiEC2IiEERKSaIT_E
FNDA:71,_ZNSaISt4pairImmEED2Ev
FNDA:142,_ZNSaIPSt4pairImmEEC2IS0_EERKSaIT_E
FNDA:44,_ZNSaISt3setI10TransitionSt4lessIS0_ESaIS0_EEED2Ev
FNDA:71,_ZNSaISt4pairImmEEC2Ev
FNDA:97,_ZNSaI10TransitionEC2Ev
FNDA:23,_ZNSaISt3setI10TransitionSt4lessIS0_ESaIS0_EEEC2Ev
FNDA:12,_ZNSaIN11CycleFinder5COLOREED2Ev
FNDA:331,_ZNSaISt13_Rb_tree_nodeImEED2Ev
FNDA:26,_ZNSaI5StateED2Ev
FNDA:202,_ZNSaISt13_Rb_tree_nodeISt4pairImNSt7__cxx1112basic_stringIcSt11char_traitsIcESaIcEEEEEEC2ERKS9_
FNDA:15,_ZNSaISt13_Rb_tree_nodeI10TransitionEEC2IS0_EERKSaIT_E
FNDA:129,_ZNSaISt13_Rb_tree_nodeImEEC2Ev
FNDA:0,_ZStneISt13_Rb_tree_nodeISt4pairImNSt7__cxx1112basic_stringIcSt11char_traitsIcESaIcEEEEEEbRKSaIT_ESD_
FNDA:71,_ZNSaISt13_Rb_tree_nodeISt4pairImmEEED2Ev
FNDA:14,_ZNSaISt13_Rb_tree_nodeINSt7__cxx1112basic_stringIcSt11char_traitsIcESaIcEEEEEC2Ev
FNDA:6,_ZNSaISt3setImSt4lessImESaImEEEC2Ev
FNDA:6,_ZNSaIN11CycleFinder5COLOREEC2Ev
FNDA:319,_ZNSaISt13_Rb_tree_nodeI10TransitionEED2Ev
FNDA:166,_ZNSaISt13_Rb_tree_nodeI10TransitionEEC2Ev
FNDA:92,_ZNSaIiED2Ev
FNDA:260,_ZNSaISt13_Rb_tree_nodeISt4pairImNSt7__cxx1112basic_stringIcSt11char_traitsIcESaIcEEEEEED2Ev
FNDA:10,_ZNSaI9AutoBlockED2Ev
FNDA:12,_ZNSaI5StateEC2ERKS0_
FNDA:58,_ZNSaISt13_Rb_tree_nodeISt4pairImNSt7__cxx1112basic_stringIcSt11char_traitsIcESaIcEEEEEEC2Ev
FNDA:98,_ZNSaImEC2IbEERKSaIT_E
FNDA:142,_ZNSaIPSt4pairImmEED2Ev
FNDA:98,_ZNSaIbEC2Ev
FNDA:6,_ZNSaISt3setImSt4lessImESaImEEEC2ERKS4_
FNDA:21,_ZNSaISt3setI10TransitionSt4lessIS0_ESaIS0_EEEC2ERKS5_
FNDA:15,_ZNSaI10TransitionEC2ERKS0_
FNDA:168,_ZNSaIPiED2Ev
FNDA:2,_ZNSaIiEC2ERKS_
FNDA:20,_ZNSaIP9AutoBlockED2Ev
FNDA:98,_ZNSaIbED2Ev
FNDA:10,_ZNSaI9AutoBlockEC2Ev
FNDA:138,_ZNSaISt13_Rb_tree_nodeI10TransitionEEC2ERKS2_
FNDA:16,_ZNSaIPmED2Ev
FNDA:14,_ZNSaI5StateEC2Ev
FNDA:90,_ZNSaIiEC2Ev
FNDA:6,_ZNSaIN11CycleFinder5COLOREEC2ERKS1_
FNDA:14,_ZNSaISt13_Rb_tree_nodeINSt7__cxx1112basic_stringIcSt11char_traitsIcESaIcEEEEED2Ev
FNDA:112,_ZNSaI10TransitionED2Ev
FNDA:20,_ZNSaIP9AutoBlockEC2IS_EERKSaIT_E
FNF:53
FNH:52
DA:131,865
DA:133,702
DA:134,702
DA:137,623
DA:139,2190
DA:164,0
DA:166,0
LF:7
LH:5
end_of_record
TN:test
SF:/usr/include/c++/7/bits/basic_string.h
FN:139,_ZNSt7__cxx1112basic_stringIcSt11char_traitsIcESaIcEE12_Alloc_hiderD2Ev
FN:145,_ZNSt7__cxx1112basic_stringIcSt11char_traitsIcESaIcEE12_Alloc_hiderC2EPcRKS3_
FN:148,_ZNSt7__cxx1112basic_stringIcSt11char_traitsIcESaIcEE12_Alloc_hiderC2EPcOS3_
FN:167,_ZNSt7__cxx1112basic_stringIcSt11char_traitsIcESaIcEE7_M_dataEPc
FN:171,_ZNSt7__cxx1112basic_stringIcSt11char_traitsIcESaIcEE9_M_lengthEm
FN:175,_ZNKSt7__cxx1112basic_stringIcSt11char_traitsIcESaIcEE7_M_dataEv
FN:179,_ZNSt7__cxx1112basic_stringIcSt11char_traitsIcESaIcEE13_M_local_dataEv
FN:189,_ZNKSt7__cxx1112basic_stringIcSt11char_traitsIcESaIcEE13_M_local_dataEv
FN:199,_ZNSt7__cxx1112basic_stringIcSt11char_traitsIcESaIcEE11_M_capacityEm
FN:203,_ZNSt7__cxx1112basic_stringIcSt11char_traitsIcESaIcEE13_M_set_lengthEm
FN:210,_ZNKSt7__cxx1112basic_stringIcSt11char_traitsIcESaIcEE11_M_is_localEv
FN:218,_ZNSt7__cxx1112basic_stringIcSt11char_traitsIcESaIcEE10_M_disposeEv
FN:225,_ZNSt7__cxx1112basic_stringIcSt11char_traitsIcESaIcEE10_M_destroyEm
FN:232,_ZNSt7__cxx1112basic_stringIcSt11char_traitsIcESaIcEE16_M_construct_auxIPcEEvT_S7_St12__false_type
FN:232,_ZNSt7__cxx1112basic_stringIcSt11char_traitsIcESaIcEE16_M_construct_auxIPKcEEvT_S8_St12__false_type
FN:252,_ZNSt7__cxx1112basic_stringIcSt11char_traitsIcESaIcEE12_M_constructIPcEEvT_S7_
FN:252,_ZNSt7__cxx1112basic_stringIcSt11char_traitsIcESaIcEE12_M_constructIPKcEEvT_S8_
FN:275,_ZNSt7__cxx1112basic_stringIcSt11char_traitsIcESaIcEE16_M_get_allocatorEv
FN:279,_ZNKSt7__cxx1112basic_stringIcSt11char_traitsIcESaIcEE16_M_get_allocatorEv
FN:299,_ZNKSt7__cxx1112basic_stringIcSt11char_traitsIcESaIcEE8_M_checkEmPKc
FN:309,_ZNKSt7__cxx1112basic_stringIcSt11char_traitsIcESaIcEE15_M_check_lengthEmmPKc
FN:318,_ZNKSt7__cxx1112basic_stringIcSt11char_traitsIcESaIcEE8_M_limitEmm
FN:335,_ZNSt7__cxx1112basic_stringIcSt11char_traitsIcESaIcEE7_S_copyEPcPKcm
FN:381,_ZNSt7__cxx1112basic_stringIcSt11char_traitsIcESaIcEE13_S_copy_charsEPcS5_S5_
FN:385,_ZNSt7__cxx1112basic_stringIcSt11char_traitsIcESaIcEE13_S_copy_charsEPcPKcS7_
FN:390,_ZNSt7__cxx1112basic_stringIcSt11char_traitsIcESaIcEE10_S_compareEmm
FN:420,_ZNSt7__cxx1112basic_stringIcSt11char_traitsIcESaIcEEC2Ev
FN:437,_ZNSt7__cxx1112basic_stringIcSt11char_traitsIcESaIcEEC2ERKS4_
FN:465,_ZNSt7__cxx1112basic_stringIcSt11char_traitsIcESaIcEEC2ERKS4_mm
FN:509,_ZNSt7__cxx1112basic_stringIcSt11char_traitsIcESaIcEEC2EPKcRKS3_
FN:531,_ZNSt7__cxx1112basic_stringIcSt11char_traitsIcESaIcEEC2EOS4_
FN:604,_ZNSt7__cxx1112basic_stringIcSt11char_traitsIcESaIcEEC2IPcvEET_S7_RKS3_
FN:646,_ZNSt7__cxx1112basic_stringIcSt11char_traitsIcESaIcEED2Ev
FN:920,_ZNKSt7__cxx1112basic_stringIcSt11char_traitsIcESaIcEE4sizeEv
FN:926,_ZNKSt7__cxx1112basic_stringIcSt11char_traitsIcESaIcEE6lengthEv
FN:931,_ZNKSt7__cxx1112basic_stringIcSt11char_traitsIcESaIcEE8max_sizeEv
FN:983,_ZNKSt7__cxx1112basic_stringIcSt11char_traitsIcESaIcEE8capacityEv
FN:1021,_ZNKSt7__cxx1112basic_stringIcSt11char_traitsIcESaIcEE5emptyEv
FN:1036,_ZNKSt7__cxx1112basic_stringIcSt11char_traitsIcESaIcEEixEm
FN:1158,_ZNSt7__cxx1112basic_stringIcSt11char_traitsIcESaIcEEpLERKS4_
FN:1211,_ZNSt7__cxx1112basic_stringIcSt11char_traitsIcESaIcEE6appendERKS4_
FN:1240,_ZNSt7__cxx1112basic_stringIcSt11char_traitsIcESaIcEE6appendEPKcm
FN:2280,_ZNKSt7__cxx1112basic_stringIcSt11char_traitsIcESaIcEE5c_strEv
FN:2292,_ZNKSt7__cxx1112basic_stringIcSt11char_traitsIcESaIcEE4dataEv
FN:2814,_ZNKSt7__cxx1112basic_stringIcSt11char_traitsIcESaIcEE6substrEmm
FN:2833,_ZNKSt7__cxx1112basic_stringIcSt11char_traitsIcESaIcEE7compareERKS4_
FN:6017,_ZSteqIcEN9__gnu_cxx11__enable_ifIXsrSt9__is_charIT_E7__valueEbE6__typeERKNSt7__cxx1112basic_stringIS3_St11char_traitsIS3_ESaIS3_EEESE_
FN:6043,_ZSteqIcSt11char_traitsIcESaIcEEbRKNSt7__cxx1112basic_stringIT_T0_T1_EEPKS5_
FN:6094,_ZStltIcSt11char_traitsIcESaIcEEbRKNSt7__cxx1112basic_stringIT_T0_T1_EESA_
FN:6430,_ZNSt7__cxx119to_stringEm
FNDA:145,_ZNSt7__cxx1112basic_stringIcSt11char_traitsIcESaIcEEC2ERKS4_mm
FNDA:639,_ZNSt7__cxx1112basic_stringIcSt11char_traitsIcESaIcEE7_M_dataEPc
FNDA:1265,_ZNKSt7__cxx1112basic_stringIcSt11char_traitsIcESaIcEE4dataEv
FNDA:389,_ZNKSt7__cxx1112basic_stringIcSt11char_traitsIcESaIcEE5emptyEv
FNDA:4,_ZNSt7__cxx1112basic_stringIcSt11char_traitsIcESaIcEE6appendERKS4_
FNDA:313,_ZNSt7__cxx1112basic_stringIcSt11char_traitsIcESaIcEE12_M_constructIPKcEEvT_S8_
FNDA:884,_ZNSt7__cxx1112basic_stringIcSt11char_traitsIcESaIcEEC2ERKS4_
FNDA:1023,_ZNKSt7__cxx1112basic_stringIcSt11char_traitsIcESaIcEE16_M_get_allocatorEv
FNDA:2789,_ZNKSt7__cxx1112basic_stringIcSt11char_traitsIcESaIcEE11_M_is_localEv
FNDA:3987,_ZNKSt7__cxx1112basic_stringIcSt11char_traitsIcESaIcEE4sizeEv
FNDA:82,_ZNSt7__cxx119to_stringEm
FNDA:168,_ZNSt7__cxx1112basic_stringIcSt11char_traitsIcESaIcEEC2EPKcRKS3_
FNDA:2074,_ZNSt7__cxx1112basic_stringIcSt11char_traitsIcESaIcEE10_M_disposeEv
FNDA:1993,_ZNSt7__cxx1112basic_stringIcSt11char_traitsIcESaIcEE12_Alloc_hiderD2Ev
FNDA:2525,_ZNSt7__cxx1112basic_stringIcSt11char_traitsIcESaIcEE9_M_lengthEm
FNDA:77,_ZNSt7__cxx1112basic_stringIcSt11char_traitsIcESaIcEE10_M_destroyEm
FNDA:1695,_ZNSt7__cxx1112basic_stringIcSt11char_traitsIcESaIcEE12_Alloc_hiderC2EPcOS3_
FNDA:2479,_ZNSt7__cxx1112basic_stringIcSt11char_traitsIcESaIcEE13_M_local_dataEv
FNDA:290,_ZNKSt7__cxx1112basic_stringIcSt11char_traitsIcESaIcEE8_M_checkEmPKc
FNDA:525,_ZNKSt7__cxx1112basic_stringIcSt11char_traitsIcESaIcEE7compareERKS4_
FNDA:1993,_ZNSt7__cxx1112basic_stringIcSt11char_traitsIcESaIcEED2Ev
FNDA:11222,_ZNKSt7__cxx1112basic_stringIcSt11char_traitsIcESaIcEE7_M_dataEv
FNDA:313,_ZNSt7__cxx1112basic_stringIcSt11char_traitsIcESaIcEE13_S_copy_charsEPcPKcS7_
FNDA:966,_ZNSt7__cxx1112basic_stringIcSt11char_traitsIcESaIcEE12_M_constructIPcEEvT_S7_
FNDA:301,_ZNSt7__cxx1112basic_stringIcSt11char_traitsIcESaIcEE10_S_compareEmm
FNDA:2789,_ZNKSt7__cxx1112basic_stringIcSt11char_traitsIcESaIcEE13_M_local_dataEv
FNDA:105,_ZNSt7__cxx1112basic_stringIcSt11char_traitsIcESaIcEE11_M_capacityEm
FNDA:2,_ZNSt7__cxx1112basic_stringIcSt11char_traitsIcESaIcEE6appendEPKcm
FNDA:1977,_ZNKSt7__cxx1112basic_stringIcSt11char_traitsIcESaIcEE6lengthEv
FNDA:575,_ZSteqIcEN9__gnu_cxx11__enable_ifIXsrSt9__is_charIT_E7__valueEbE6__typeERKNSt7__cxx1112basic_stringIS3_St11char_traitsIS3_ESaIS3_EEESE_
FNDA:2,_ZNSt7__cxx1112basic_stringIcSt11char_traitsIcESaIcEEpLERKS4_
FNDA:525,_ZStltIcSt11char_traitsIcESaIcEEbRKNSt7__cxx1112basic_stringIT_T0_T1_EESA_
FNDA:614,_ZNKSt7__cxx1112basic_stringIcSt11char_traitsIcESaIcEE5c_strEv
FNDA:145,_ZNKSt7__cxx1112basic_stringIcSt11char_traitsIcESaIcEE8_M_limitEmm
FNDA:139,_ZNKSt7__cxx1112basic_stringIcSt11char_traitsIcESaIcEE8max_sizeEv
FNDA:708,_ZNSt7__cxx1112basic_stringIcSt11char_traitsIcESaIcEE16_M_get_allocatorEv
FNDA:966,_ZNSt7__cxx1112basic_stringIcSt11char_traitsIcESaIcEE16_M_construct_auxIPcEEvT_S7_St12__false_type
FNDA:966,_ZNSt7__cxx1112basic_stringIcSt11char_traitsIcESaIcEE13_S_copy_charsEPcS5_S5_
FNDA:250,_ZNSt7__cxx1112basic_stringIcSt11char_traitsIcESaIcEE12_Alloc_hiderC2EPcRKS3_
FNDA:145,_ZNKSt7__cxx1112basic_stringIcSt11char_traitsIcESaIcEE6substrEmm
FNDA:82,_ZNSt7__cxx1112basic_stringIcSt11char_traitsIcESaIcEEC2IPcvEET_S7_RKS3_
FNDA:534,_ZNSt7__cxx1112basic_stringIcSt11char_traitsIcESaIcEEC2EOS4_
FNDA:10,_ZSteqIcSt11char_traitsIcESaIcEEbRKNSt7__cxx1112basic_stringIT_T0_T1_EEPKS5_
FNDA:1405,_ZNSt7__cxx1112basic_stringIcSt11char_traitsIcESaIcEE7_S_copyEPcPKcm
FNDA:649,_ZNKSt7__cxx1112basic_stringIcSt11char_traitsIcESaIcEEixEm
FNDA:313,_ZNSt7__cxx1112basic_stringIcSt11char_traitsIcESaIcEE16_M_construct_auxIPKcEEvT_S8_St12__false_type
FNDA:154,_ZNKSt7__cxx1112basic_stringIcSt11char_traitsIcESaIcEE8capacityEv
FNDA:1991,_ZNSt7__cxx1112basic_stringIcSt11char_traitsIcESaIcEE13_M_set_lengthEm
FNDA:132,_ZNSt7__cxx1112basic_stringIcSt11char_traitsIcESaIcEEC2Ev
FNDA:2,_ZNKSt7__cxx1112basic_stringIcSt11char_traitsIcESaIcEE15_M_check_lengthEmmPKc
FNF:50
FNH:50
DA:139,1993
DA:145,250
DA:146,250
DA:148,1695
DA:149,1695
DA:167,639
DA:168,639
DA:171,2525
DA:172,2525
DA:175,11222
DA:176,11222
DA:179,2479
DA:182,2479
DA:189,2789
DA:192,2789
DA:199,105
DA:200,105
DA:203,1991
DA:205,1991
DA:206,1991
DA:207,1991
DA:210,2789
DA:211,2789
DA:218,2074
DA:220,2074
DA:221,77
DA:222,2074
DA:225,77
DA:226,77
DA:232,1279
DA:236,1279
DA:237,1279
DA:252,1279
DA:255,1279
DA:256,1279
DA:275,708
DA:276,708
DA:279,1023
DA:280,1023
DA:299,290
DA:301,290
DA:302,0
DA:305,290
DA:309,2
DA:311,2
DA:312,0
DA:313,2
DA:318,145
DA:320,145
DA:321,145
DA:335,1405
DA:337,1405
DA:338,911
DA:340,494
DA:341,1405
DA:381,966
DA:382,966
DA:385,313
DA:387,313
DA:390,301
DA:392,301
DA:394,301
DA:395,0
DA:396,301
DA:397,0
DA:399,301
DA:420,132
DA:422,132
DA:423,132
DA:437,884
DA:439,884
DA:440,884
DA:465,145
DA:467,145
DA:469,145
DA:470,145
DA:471,145
DA:472,145
DA:509,168
DA:510,168
DA:511,168
DA:531,534
DA:532,534
DA:534,534
DA:536,525
DA:541,9
DA:542,9
DA:548,534
DA:549,534
DA:550,534
DA:551,534
DA:604,82
DA:606,82
DA:607,82
DA:646,1993
DA:647,1993
DA:920,3987
DA:921,3987
DA:926,1977
DA:927,1977
DA:931,139
DA:932,139
DA:983,154
DA:985,154
DA:986,154
DA:1021,389
DA:1022,389
DA:1036,649
DA:1039,649
DA:1158,2
DA:1159,2
DA:1211,4
DA:1212,4
DA:1240,2
DA:1243,2
DA:1244,2
DA:2280,614
DA:2281,614
DA:2292,1265
DA:2293,1265
DA:2814,145
DA:2816,145
DA:2833,525
DA:2835,525
DA:2836,525
DA:2837,525
DA:2839,525
DA:2840,525
DA:2841,291
DA:2842,525
DA:6017,575
DA:6019,575
DA:6020,575
DA:6021,575
DA:6043,10
DA:6045,10
DA:6094,525
DA:6097,525
DA:6430,82
DA:6433,82
LF:140
LH:136
end_of_record
TN:test
SF:/usr/include/c++/7/bits/basic_string.tcc
FN:132,_ZNSt7__cxx1112basic_stringIcSt11char_traitsIcESaIcEE9_M_createERmm
FN:206,_ZNSt7__cxx1112basic_stringIcSt11char_traitsIcESaIcEE12_M_constructIPcEEvT_S7_St20forward_iterator_tag
FN:206,_ZNSt7__cxx1112basic_stringIcSt11char_traitsIcESaIcEE12_M_constructIPKcEEvT_S8_St20forward_iterator_tag
FN:280,_ZNSt7__cxx1112basic_stringIcSt11char_traitsIcESaIcEE7reserveEm
FN:310,_ZNSt7__cxx1112basic_stringIcSt11char_traitsIcESaIcEE9_M_mutateEmmPKcm
FN:359,_ZNSt7__cxx1112basic_stringIcSt11char_traitsIcESaIcEE9_M_appendEPKcm
FN:1157,_ZStplIcSt11char_traitsIcESaIcEENSt7__cxx1112basic_stringIT_T0_T1_EEPKS5_RKS8_
FN:1417,_ZNKSt7__cxx1112basic_stringIcSt11char_traitsIcESaIcEE7compareEPKc
FNDA:966,_ZNSt7__cxx1112basic_stringIcSt11char_traitsIcESaIcEE12_M_constructIPcEEvT_S7_St20forward_iterator_tag
FNDA:97,_ZNSt7__cxx1112basic_stringIcSt11char_traitsIcESaIcEE9_M_createERmm
FNDA:10,_ZNKSt7__cxx1112basic_stringIcSt11char_traitsIcESaIcEE7compareEPKc
FNDA:2,_ZStplIcSt11char_traitsIcESaIcEENSt7__cxx1112basic_stringIT_T0_T1_EEPKS5_RKS8_
FNDA:29,_ZNSt7__cxx1112basic_stringIcSt11char_traitsIcESaIcEE9_M_mutateEmmPKcm
FNDA:79,_ZNSt7__cxx1112basic_stringIcSt11char_traitsIcESaIcEE7reserveEm
FNDA:313,_ZNSt7__cxx1112basic_stringIcSt11char_traitsIcESaIcEE12_M_constructIPKcEEvT_S8_St20forward_iterator_tag
FNDA:46,_ZNSt7__cxx1112basic_stringIcSt11char_traitsIcESaIcEE9_M_appendEPKcm
FNF:8
FNH:8
DA:132,97
DA:137,97
DA:138,0
DA:143,97
DA:145,40
DA:147,40
DA:148,0
DA:153,97
DA:206,1279
DA:211,1279
DA:212,0
DA:215,1279
DA:217,1279
DA:219,15
DA:220,15
DA:225,1279
DA:232,1279
DA:233,1279
DA:280,79
DA:284,79
DA:285,0
DA:287,79
DA:288,79
DA:290,79
DA:291,27
DA:293,52
DA:294,52
DA:295,52
DA:296,52
DA:297,52
DA:299,27
DA:301,0
DA:302,0
DA:303,0
DA:306,79
DA:310,29
DA:314,29
DA:316,29
DA:317,29
DA:319,29
DA:320,9
DA:321,29
DA:322,29
DA:323,29
DA:324,0
DA:325,0
DA:327,29
DA:328,29
DA:329,29
DA:330,29
DA:359,46
DA:362,46
DA:364,46
DA:366,37
DA:367,36
DA:370,9
DA:372,46
DA:373,46
DA:1157,2
DA:1163,2
DA:1164,2
DA:1165,2
DA:1166,2
DA:1167,2
DA:1168,2
DA:1417,10
DA:1421,10
DA:1422,10
DA:1423,10
DA:1424,10
DA:1425,10
DA:1426,10
DA:1427,10
LF:73
LH:64
end_of_record
TN:test
SF:/usr/include/c++/7/bits/char_traits.h
FN:100,_ZN9__gnu_cxx11char_traitsIcE2eqERKcS3_
FN:104,_ZN9__gnu_cxx11char_traitsIcE2ltERKcS3_
FN:148,_ZN9__gnu_cxx11char_traitsIcE7compareEPKcS3_m
FN:161,_ZN9__gnu_cxx11char_traitsIcE6lengthEPKc
FN:284,_ZNSt11char_traitsIcE6assignERcRKc
FN:300,_ZNSt11char_traitsIcE7compareEPKcS2_m
FN:314,_ZNSt11char_traitsIcE6lengthEPKc
FN:346,_ZNSt11char_traitsIcE4copyEPcPKcm
FNDA:1019,_ZNSt11char_traitsIcE4copyEPcPKcm
FNDA:0,_ZN9__gnu_cxx11char_traitsIcE2ltERKcS3_
FNDA:0,_ZN9__gnu_cxx11char_traitsIcE2eqERKcS3_
FNDA:0,_ZN9__gnu_cxx11char_traitsIcE7compareEPKcS3_m
FNDA:905,_ZNSt11char_traitsIcE7compareEPKcS2_m
FNDA:0,_ZN9__gnu_cxx11char_traitsIcE6lengthEPKc
FNDA:2902,_ZNSt11char_traitsIcE6assignERcRKc
FNDA:180,_ZNSt11char_traitsIcE6lengthEPKc
FNF:8
FNH:4
DA:100,0
DA:101,0
DA:104,0
DA:105,0
DA:148,0
DA:151,0
DA:152,0
DA:153,0
DA:154,0
DA:155,0
DA:156,0
DA:161,0
DA:164,0
DA:165,0
DA:166,0
DA:167,0
DA:233,180
DA:284,2902
DA:285,2902
DA:300,905
DA:303,905
DA:305,905
DA:306,0
DA:308,905
DA:309,422
DA:310,483
DA:314,180
DA:317,180
DA:318,0
DA:320,180
DA:346,1019
DA:348,1019
DA:349,244
DA:350,775
LF:34
LH:16
end_of_record
TN:test
SF:/usr/include/c++/7/bits/cpp_type_traits.h
FN:408,_ZSt12__miter_baseIPP10TransitionET_S3_
FN:408,_ZSt12__miter_baseISt13_Bit_iteratorET_S1_
FN:408,_ZSt12__miter_baseIPPiET_S2_
FN:408,_ZSt12__miter_baseISt19_Bit_const_iteratorET_S1_
FN:408,_ZSt12__miter_baseIPmET_S1_
FN:408,_ZSt12__miter_baseIPPSt4pairImmEET_S4_
FN:408,_ZSt12__miter_baseIPPmET_S2_
FN:408,_ZSt12__miter_baseIPP9AutoBlockET_S3_
FNDA:0,_ZSt12__miter_baseIPP9AutoBlockET_S3_
FNDA:0,_ZSt12__miter_baseIPPmET_S2_
FNDA:0,_ZSt12__miter_baseIPPSt4pairImmEET_S4_
FNDA:4,_ZSt12__miter_baseISt19_Bit_const_iteratorET_S1_
FNDA:44,_ZSt12__miter_baseIPmET_S1_
FNDA:0,_ZSt12__miter_baseIPPiET_S2_
FNDA:4,_ZSt12__miter_baseISt13_Bit_iteratorET_S1_
FNDA:0,_ZSt12__miter_baseIPP10TransitionET_S3_
FNF:8
FNH:3
DA:408,52
DA:409,52
LF:2
LH:2
end_of_record
TN:test
SF:/usr/include/c++/7/bits/deque.tcc
FN:161,_ZNSt5dequeISt4pairImmESaIS1_EE12emplace_backIJS1_EEERS1_DpOT_
FN:161,_ZNSt5dequeIiSaIiEE12emplace_backIJiEEERiDpOT_
FN:478,_ZNSt5dequeI9AutoBlockSaIS0_EE16_M_push_back_auxIJRKS0_EEEvDpOT_
FN:478,_ZNSt5dequeImSaImEE16_M_push_back_auxIJRKmEEEvDpOT_
FN:478,_ZNSt5dequeIiSaIiEE16_M_push_back_auxIJiEEEvDpOT_
FN:478,_ZNSt5dequeI10TransitionSaIS0_EE16_M_push_back_auxIJRKS0_EEEvDpOT_
FN:478,_ZNSt5dequeISt4pairImmESaIS1_EE16_M_push_back_auxIJS1_EEEvDpOT_
FN:546,_ZNSt5dequeI9AutoBlockSaIS0_EE15_M_pop_back_auxEv
FN:562,_ZNSt5dequeI10TransitionSaIS0_EE16_M_pop_front_auxEv
FN:562,_ZNSt5dequeImSaImEE16_M_pop_front_auxEv
FN:562,_ZNSt5dequeISt4pairImmESaIS1_EE16_M_pop_front_auxEv
FN:562,_ZNSt5dequeIiSaIiEE16_M_pop_front_auxEv
FN:845,_ZNSt5dequeI10TransitionSaIS0_EE19_M_destroy_data_auxESt15_Deque_iteratorIS0_RS0_PS0_ES6_
FN:845,_ZNSt5dequeI9AutoBlockSaIS0_EE19_M_destroy_data_auxESt15_Deque_iteratorIS0_RS0_PS0_ES6_
FN:917,_ZNSt5dequeI10TransitionSaIS0_EE17_M_reallocate_mapEmb
FN:917,_ZNSt5dequeI9AutoBlockSaIS0_EE17_M_reallocate_mapEmb
FN:917,_ZNSt5dequeImSaImEE17_M_reallocate_mapEmb
FN:917,_ZNSt5dequeISt4pairImmESaIS1_EE17_M_reallocate_mapEmb
FN:917,_ZNSt5dequeIiSaIiEE17_M_reallocate_mapEmb
FNDA:82,_ZNSt5dequeI10TransitionSaIS0_EE19_M_destroy_data_auxESt15_Deque_iteratorIS0_RS0_PS0_ES6_
FNDA:10,_ZNSt5dequeI9AutoBlockSaIS0_EE19_M_destroy_data_auxESt15_Deque_iteratorIS0_RS0_PS0_ES6_
FNDA:0,_ZNSt5dequeIiSaIiEE17_M_reallocate_mapEmb
FNDA:0,_ZNSt5dequeISt4pairImmESaIS1_EE16_M_pop_front_auxEv
FNDA:0,_ZNSt5dequeIiSaIiEE16_M_pop_front_auxEv
FNDA:0,_ZNSt5dequeISt4pairImmESaIS1_EE16_M_push_back_auxIJS1_EEEvDpOT_
FNDA:0,_ZNSt5dequeI10TransitionSaIS0_EE16_M_push_back_auxIJRKS0_EEEvDpOT_
FNDA:145,_ZNSt5dequeISt4pairImmESaIS1_EE12emplace_backIJS1_EEERS1_DpOT_
FNDA:0,_ZNSt5dequeImSaImEE17_M_reallocate_mapEmb
FNDA:0,_ZNSt5dequeIiSaIiEE16_M_push_back_auxIJiEEEvDpOT_
FNDA:0,_ZNSt5dequeISt4pairImmESaIS1_EE17_M_reallocate_mapEmb
FNDA:0,_ZNSt5dequeImSaImEE16_M_push_back_auxIJRKmEEEvDpOT_
FNDA:174,_ZNSt5dequeIiSaIiEE12emplace_backIJiEEERiDpOT_
FNDA:0,_ZNSt5dequeImSaImEE16_M_pop_front_auxEv
FNDA:0,_ZNSt5dequeI10TransitionSaIS0_EE16_M_pop_front_auxEv
FNDA:5,_ZNSt5dequeI9AutoBlockSaIS0_EE15_M_pop_back_auxEv
FNDA:0,_ZNSt5dequeI9AutoBlockSaIS0_EE17_M_reallocate_mapEmb
FNDA:0,_ZNSt5dequeI10TransitionSaIS0_EE17_M_reallocate_mapEmb
FNDA:5,_ZNSt5dequeI9AutoBlockSaIS0_EE16_M_push_back_auxIJRKS0_EEEvDpOT_
FNF:19
FNH:6
DA:161,319
DA:164,638
DA:165,319
DA:167,319
DA:170,319
DA:173,0
DA:175,319
DA:478,5
DA:486,5
DA:487,5
DA:491,5
DA:497,5
DA:499,5
DA:501,0
DA:503,0
DA:504,0
DA:506,5
DA:546,5
DA:549,5
DA:550,5
DA:551,5
DA:552,5
DA:554,5
DA:562,0
DA:565,0
DA:567,0
DA:568,0
DA:569,0
DA:570,0
DA:845,92
DA:848,92
DA:849,92
DA:850,0
DA:851,0
DA:853,92
DA:855,0
DA:856,0
DA:857,0
DA:858,0
DA:861,92
DA:862,92
DA:863,92
DA:917,0
DA:920,0
DA:921,0
DA:922,0
DA:925,0
DA:927,0
DA:928,0
DA:929,0
DA:930,0
DA:931,0
DA:932,0
DA:935,0
DA:936,0
DA:937,0
DA:941,0
DA:942,0
DA:945,0
DA:946,0
DA:947,0
DA:948,0
DA:949,0
DA:951,0
DA:953,0
DA:954,0
DA:957,0
DA:958,0
DA:959,0
LF:69
LH:26
end_of_record
TN:test
SF:/usr/include/c++/7/bits/exception.h
FN:63,_ZNSt9exceptionC2Ev
FNDA:5,_ZNSt9exceptionC2Ev
FNF:1
FNH:1
DA:63,5
LF:1
LH:1
end_of_record
TN:test
SF:/usr/include/c++/7/bits/ios_base.h
FN:129,_ZStorSt13_Ios_OpenmodeS_
FNDA:0,_ZStorSt13_Ios_OpenmodeS_
FNF:1
FNH:0
DA:129,0
DA:130,0
LF:2
LH:0
end_of_record
TN:test
SF:/usr/include/c++/7/bits/move.h
FN:47,_ZSt11__addressofI10TransitionEPT_RS1_
FN:47,_ZSt11__addressofI9AutoBlockEPT_RS1_
FN:47,_ZSt11__addressofISt3setI10TransitionSt4lessIS1_ESaIS1_EEEPT_RS6_
FN:47,_ZSt11__addressofI5StateEPT_RS1_
FN:47,_ZSt11__addressofImEPT_RS0_
FN:47,_ZSt11__addressofIKcEPT_RS1_
FN:47,_ZSt11__addressofISt3setImSt4lessImESaImEEEPT_RS5_
FN:47,_ZSt11__addressofIcEPT_RS0_
FN:73,_ZSt7forwardIbEOT_RNSt16remove_referenceIS0_E4typeE
FN:73,_ZSt7forwardISt17_Rb_tree_iteratorINSt7__cxx1112basic_stringIcSt11char_traitsIcESaIcEEEEEOT_RNSt16remove_referenceIS8_E4typeE
FN:73,_ZSt7forwardIiEOT_RNSt16remove_referenceIS0_E4typeE
FN:73,_ZSt7forwardIPKcEOT_RNSt16remove_referenceIS2_E4typeE
FN:73,_ZSt7forwardIRK5StateEOT_RNSt16remove_referenceIS3_E4typeE
FN:73,_ZSt7forwardIRA1_KcEOT_RNSt16remove_referenceIS3_E4typeE
FN:73,_ZSt7forwardISt17_Rb_tree_iteratorISt4pairImmEEEOT_RNSt16remove_referenceIS4_E4typeE
FN:73,_ZSt7forwardIRPSt13_Rb_tree_nodeINSt7__cxx1112basic_stringIcSt11char_traitsIcESaIcEEEEEOT_RNSt16remove_referenceISA_E4typeE
FN:73,_ZSt7forwardIRKSt4pairImmEEOT_RNSt16remove_referenceIS4_E4typeE
FN:73,_ZSt7forwardIRbEOT_RNSt16remove_referenceIS1_E4typeE
FN:73,_ZSt7forwardIRK10TransitionEOT_RNSt16remove_referenceIS3_E4typeE
FN:73,_ZSt7forwardISt4pairImmEEOT_RNSt16remove_referenceIS2_E4typeE
FN:73,_ZSt7forwardIRKSt4pairImNSt7__cxx1112basic_stringIcSt11char_traitsIcESaIcEEEEEOT_RNSt16remove_referenceISA_E4typeE
FN:73,_ZSt7forwardIRKSt3setI10TransitionSt4lessIS1_ESaIS1_EEEOT_RNSt16remove_referenceIS8_E4typeE
FN:73,_ZSt7forwardIRSt17_Rb_tree_iteratorINSt7__cxx1112basic_stringIcSt11char_traitsIcESaIcEEEEEOT_RNSt16remove_referenceIS9_E4typeE
FN:73,_ZSt7forwardI5StateEOT_RNSt16remove_referenceIS1_E4typeE
FN:73,_ZSt7forwardIRmEOT_RNSt16remove_referenceIS1_E4typeE
FN:73,_ZSt7forwardIRKNSt7__cxx1112basic_stringIcSt11char_traitsIcESaIcEEEEOT_RNSt16remove_referenceIS8_E4typeE
FN:73,_ZSt7forwardIRPSt18_Rb_tree_node_baseEOT_RNSt16remove_referenceIS3_E4typeE
FN:73,_ZSt7forwardIRSt17_Rb_tree_iteratorISt4pairImNSt7__cxx1112basic_stringIcSt11char_traitsIcESaIcEEEEEEOT_RNSt16remove_referenceISB_E4typeE
FN:73,_ZSt7forwardIRKmEOT_RNSt16remove_referenceIS2_E4typeE
FN:73,_ZSt7forwardImEOT_RNSt16remove_referenceIS0_E4typeE
FN:73,_ZSt7forwardIRSt17_Rb_tree_iteratorISt4pairImmEEEOT_RNSt16remove_referenceIS5_E4typeE
FN:73,_ZSt7forwardISt4pairImNSt7__cxx1112basic_stringIcSt11char_traitsIcESaIcEEEEEOT_RNSt16remove_referenceIS8_E4typeE
FN:73,_ZSt7forwardIRPSt13_Rb_tree_nodeI10TransitionEEOT_RNSt16remove_referenceIS5_E4typeE
FN:73,_ZSt7forwardIRSt17_Rb_tree_iteratorImEEOT_RNSt16remove_referenceIS3_E4typeE
FN:73,_ZSt7forwardIRKbEOT_RNSt16remove_referenceIS2_E4typeE
FN:73,_ZSt7forwardIRPSt13_Rb_tree_nodeImEEOT_RNSt16remove_referenceIS4_E4typeE
FN:73,_ZSt7forwardIRK9AutoBlockEOT_RNSt16remove_referenceIS3_E4typeE
FN:73,_ZSt7forwardISt17_Rb_tree_iteratorI10TransitionEEOT_RNSt16remove_referenceIS3_E4typeE
FN:73,_ZSt7forwardISt3setI10TransitionSt4lessIS1_ESaIS1_EEEOT_RNSt16remove_referenceIS6_E4typeE
FN:73,_ZSt7forwardIRPSt13_Rb_tree_nodeISt4pairImmEEEOT_RNSt16remove_referenceIS6_E4typeE
FN:73,_ZSt7forwardINSt7__cxx1112basic_stringIcSt11char_traitsIcESaIcEEEEOT_RNSt16remove_referenceIS6_E4typeE
FN:73,_ZSt7forwardIRPSt13_Rb_tree_nodeISt4pairImNSt7__cxx1112basic_stringIcSt11char_traitsIcESaIcEEEEEEOT_RNSt16remove_referenceISC_E4typeE
FN:73,_ZSt7forwardISt17_Rb_tree_iteratorImEEOT_RNSt16remove_referenceIS2_E4typeE
FN:73,_ZSt7forwardISt17_Rb_tree_iteratorISt4pairImNSt7__cxx1112basic_stringIcSt11char_traitsIcESaIcEEEEEEOT_RNSt16remove_referenceISA_E4typeE
FN:98,_ZSt4moveIRSt4pairImmEEONSt16remove_referenceIT_E4typeEOS4_
FN:98,_ZSt4moveIRiEONSt16remove_referenceIT_E4typeEOS2_
FN:98,_ZSt4moveIRSt4pairImNSt7__cxx1112basic_stringIcSt11char_traitsIcESaIcEEEEEONSt16remove_referenceIT_E4typeEOSA_
FN:98,_ZSt4moveIRmEONSt16remove_referenceIT_E4typeEOS2_
FN:98,_ZSt4moveIRNSt7__cxx1112basic_stringIcSt11char_traitsIcESaIcEEEEONSt16remove_referenceIT_E4typeEOS8_
FN:98,_ZSt4moveIRSaImEEONSt16remove_referenceIT_E4typeEOS3_
FN:98,_ZSt4moveIRSaIcEEONSt16remove_referenceIT_E4typeEOS3_
FN:98,_ZSt4moveIRSaISt13_Rb_tree_nodeI10TransitionEEEONSt16remove_referenceIT_E4typeEOS6_
FN:98,_ZSt4moveIRPSt3setI10TransitionSt4lessIS1_ESaIS1_EEEONSt16remove_referenceIT_E4typeEOS9_
FN:137,_ZSt9addressofIKcEPT_RS1_
FN:137,_ZSt9addressofIcEPT_RS0_
FN:187,_ZSt4swapImENSt9enable_ifIXsrSt6__and_IJSt6__not_ISt15__is_tuple_likeIT_EESt21is_move_constructibleIS4_ESt18is_move_assignableIS4_EEE5valueEvE4typeERS4_SE_
FN:187,_ZSt4swapIPSt3setI10TransitionSt4lessIS1_ESaIS1_EEENSt9enable_ifIXsrSt6__and_IJSt6__not_ISt15__is_tuple_likeIT_EESt21is_move_constructibleISB_ESt18is_move_assignableISB_EEE5valueEvE4typeERSB_SL_
FNDA:45,_ZSt4moveIRmEONSt16remove_referenceIT_E4typeEOS2_
FNDA:144,_ZSt7forwardIRmEOT_RNSt16remove_referenceIS1_E4typeE
FNDA:93,_ZSt7forwardI5StateEOT_RNSt16remove_referenceIS1_E4typeE
FNDA:2479,_ZSt9addressofIcEPT_RS0_
FNDA:298,_ZSt11__addressofImEPT_RS0_
FNDA:83,_ZSt7forwardIRSt17_Rb_tree_iteratorINSt7__cxx1112basic_stringIcSt11char_traitsIcESaIcEEEEEOT_RNSt16remove_referenceIS9_E4typeE
FNDA:30,_ZSt7forwardIRKSt3setI10TransitionSt4lessIS1_ESaIS1_EEEOT_RNSt16remove_referenceIS8_E4typeE
FNDA:1390,_ZSt7forwardIRKSt4pairImNSt7__cxx1112basic_stringIcSt11char_traitsIcESaIcEEEEEOT_RNSt16remove_referenceISA_E4typeE
FNDA:435,_ZSt7forwardISt4pairImmEEOT_RNSt16remove_referenceIS2_E4typeE
FNDA:1999,_ZSt7forwardIRK10TransitionEOT_RNSt16remove_referenceIS3_E4typeE
FNDA:15,_ZSt4swapImENSt9enable_ifIXsrSt6__and_IJSt6__not_ISt15__is_tuple_likeIT_EESt21is_move_constructibleIS4_ESt18is_move_assignableIS4_EEE5valueEvE4typeERS4_SE_
FNDA:402,_ZSt7forwardIRbEOT_RNSt16remove_referenceIS1_E4typeE
FNDA:1015,_ZSt7forwardIRKSt4pairImmEEOT_RNSt16remove_referenceIS4_E4typeE
FNDA:2789,_ZSt9addressofIKcEPT_RS1_
FNDA:35,_ZSt7forwardIRPSt13_Rb_tree_nodeINSt7__cxx1112basic_stringIcSt11char_traitsIcESaIcEEEEEOT_RNSt16remove_referenceISA_E4typeE
FNDA:145,_ZSt7forwardISt17_Rb_tree_iteratorISt4pairImmEEEOT_RNSt16remove_referenceIS4_E4typeE
FNDA:328,_ZSt11__addressofI5StateEPT_RS1_
FNDA:14,_ZSt7forwardIRA1_KcEOT_RNSt16remove_referenceIS3_E4typeE
FNDA:30,_ZSt7forwardIRK5StateEOT_RNSt16remove_referenceIS3_E4typeE
FNDA:14,_ZSt7forwardIPKcEOT_RNSt16remove_referenceIS2_E4typeE
FNDA:496,_ZSt11__addressofISt3setI10TransitionSt4lessIS1_ESaIS1_EEEPT_RS6_
FNDA:782,_ZSt7forwardIiEOT_RNSt16remove_referenceIS0_E4typeE
FNDA:72,_ZSt4moveIRSt4pairImNSt7__cxx1112basic_stringIcSt11char_traitsIcESaIcEEEEEONSt16remove_referenceIT_E4typeEOSA_
FNDA:10,_ZSt11__addressofI9AutoBlockEPT_RS1_
FNDA:0,_ZSt11__addressofI10TransitionEPT_RS1_
FNDA:290,_ZSt4moveIRSt4pairImmEEONSt16remove_referenceIT_E4typeEOS4_
FNDA:360,_ZSt4moveIRiEONSt16remove_referenceIT_E4typeEOS2_
FNDA:590,_ZSt7forwardIbEOT_RNSt16remove_referenceIS0_E4typeE
FNDA:83,_ZSt7forwardISt17_Rb_tree_iteratorINSt7__cxx1112basic_stringIcSt11char_traitsIcESaIcEEEEEOT_RNSt16remove_referenceIS8_E4typeE
FNDA:102,_ZSt7forwardISt17_Rb_tree_iteratorImEEOT_RNSt16remove_referenceIS2_E4typeE
FNDA:81,_ZSt4moveIRPSt3setI10TransitionSt4lessIS1_ESaIS1_EEEONSt16remove_referenceIT_E4typeEOS9_
FNDA:83,_ZSt7forwardIRPSt13_Rb_tree_nodeISt4pairImNSt7__cxx1112basic_stringIcSt11char_traitsIcESaIcEEEEEEOT_RNSt16remove_referenceISC_E4typeE
FNDA:72,_ZSt7forwardISt17_Rb_tree_iteratorISt4pairImNSt7__cxx1112basic_stringIcSt11char_traitsIcESaIcEEEEEEOT_RNSt16remove_referenceISA_E4typeE
FNDA:2479,_ZSt11__addressofIcEPT_RS0_
FNDA:15,_ZSt4moveIRSaISt13_Rb_tree_nodeI10TransitionEEEONSt16remove_referenceIT_E4typeEOS6_
FNDA:2229,_ZSt4moveIRSaIcEEONSt16remove_referenceIT_E4typeEOS3_
FNDA:365,_ZSt7forwardINSt7__cxx1112basic_stringIcSt11char_traitsIcESaIcEEEEOT_RNSt16remove_referenceIS6_E4typeE
FNDA:27,_ZSt4swapIPSt3setI10TransitionSt4lessIS1_ESaIS1_EEENSt9enable_ifIXsrSt6__and_IJSt6__not_ISt15__is_tuple_likeIT_EESt21is_move_constructibleISB_ESt18is_move_assignableISB_EEE5valueEvE4typeERSB_SL_
FNDA:93,_ZSt7forwardISt3setI10TransitionSt4lessIS1_ESaIS1_EEEOT_RNSt16remove_referenceIS6_E4typeE
FNDA:145,_ZSt7forwardIRPSt13_Rb_tree_nodeISt4pairImmEEEOT_RNSt16remove_referenceIS6_E4typeE
FNDA:98,_ZSt4moveIRSaImEEONSt16remove_referenceIT_E4typeEOS3_
FNDA:341,_ZSt4moveIRNSt7__cxx1112basic_stringIcSt11char_traitsIcESaIcEEEEONSt16remove_referenceIT_E4typeEOS8_
FNDA:142,_ZSt11__addressofISt3setImSt4lessImESaImEEEPT_RS5_
FNDA:192,_ZSt7forwardISt17_Rb_tree_iteratorI10TransitionEEOT_RNSt16remove_referenceIS3_E4typeE
FNDA:217,_ZSt7forwardIRK9AutoBlockEOT_RNSt16remove_referenceIS3_E4typeE
FNDA:568,_ZSt7forwardIRKbEOT_RNSt16remove_referenceIS2_E4typeE
FNDA:114,_ZSt7forwardIRPSt13_Rb_tree_nodeImEEOT_RNSt16remove_referenceIS4_E4typeE
FNDA:2789,_ZSt11__addressofIKcEPT_RS1_
FNDA:102,_ZSt7forwardIRSt17_Rb_tree_iteratorImEEOT_RNSt16remove_referenceIS3_E4typeE
FNDA:252,_ZSt7forwardIRPSt13_Rb_tree_nodeI10TransitionEEOT_RNSt16remove_referenceIS5_E4typeE
FNDA:504,_ZSt7forwardISt4pairImNSt7__cxx1112basic_stringIcSt11char_traitsIcESaIcEEEEEOT_RNSt16remove_referenceIS8_E4typeE
FNDA:381,_ZSt7forwardImEOT_RNSt16remove_referenceIS0_E4typeE
FNDA:2904,_ZSt7forwardIRKmEOT_RNSt16remove_referenceIS2_E4typeE
FNDA:145,_ZSt7forwardIRSt17_Rb_tree_iteratorISt4pairImmEEEOT_RNSt16remove_referenceIS5_E4typeE
FNDA:765,_ZSt7forwardIRPSt18_Rb_tree_node_baseEOT_RNSt16remove_referenceIS3_E4typeE
FNDA:72,_ZSt7forwardIRSt17_Rb_tree_iteratorISt4pairImNSt7__cxx1112basic_stringIcSt11char_traitsIcESaIcEEEEEEOT_RNSt16remove_referenceISB_E4typeE
FNDA:848,_ZSt7forwardIRKNSt7__cxx1112basic_stringIcSt11char_traitsIcESaIcEEEEOT_RNSt16remove_referenceIS8_E4typeE
FNF:57
FNH:56
DA:47,6542
DA:48,6542
DA:73,15208
DA:74,15208
DA:98,3531
DA:99,3531
DA:137,5268
DA:138,5268
DA:187,42
DA:198,42
DA:199,42
DA:200,42
DA:201,42
LF:13
LH:13
end_of_record
TN:test
SF:/usr/include/c++/7/bits/ptr_traits.h
FN:141,_ZNSt14pointer_traitsIPcE10pointer_toERc
FN:141,_ZNSt14pointer_traitsIPKcE10pointer_toERS0_
FNDA:2789,_ZNSt14pointer_traitsIPKcE10pointer_toERS0_
FNDA:2479,_ZNSt14pointer_traitsIPcE10pointer_toERc
FNF:2
FNH:2
DA:141,5268
DA:142,5268
LF:2
LH:2
end_of_record
TN:test
SF:/usr/include/c++/7/bits/stl_algo.h
FN:1152,_ZSt9__reverseIN9__gnu_cxx17__normal_iteratorIPmSt6vectorImSaImEEEEEvT_S7_St26random_access_iterator_tag
FN:1180,_ZSt7reverseIN9__gnu_cxx17__normal_iteratorIPmSt6vectorImSaImEEEEEvT_S7_
FNDA:2,_ZSt7reverseIN9__gnu_cxx17__normal_iteratorIPmSt6vectorImSaImEEEEEvT_S7_
FNDA:2,_ZSt9__reverseIN9__gnu_cxx17__normal_iteratorIPmSt6vectorImSaImEEEEEvT_S7_St26random_access_iterator_tag
FNF:2
FNH:2
DA:1152,2
DA:1155,2
DA:1156,0
DA:1157,2
DA:1158,32
DA:1160,15
DA:1161,15
DA:1162,15
DA:1180,2
DA:1186,2
DA:1187,2
LF:11
LH:10
end_of_record
TN:test
SF:/usr/include/c++/7/bits/stl_algobase.h
FN:120,_ZSt9iter_swapIN9__gnu_cxx17__normal_iteratorIPmSt6vectorImSaImEEEES6_EvT_T0_
FN:195,_ZSt3minImERKT_S2_S2_
FN:219,_ZSt3maxImERKT_S2_S2_
FN:219,_ZSt3maxIiERKT_S2_S2_
FN:277,_ZSt12__niter_baseISt13_Bit_iteratorET_S1_
FN:277,_ZSt12__niter_baseIPmET_S1_
FN:277,_ZSt12__niter_baseIPP9AutoBlockET_S3_
FN:277,_ZSt12__niter_baseIPN11CycleFinder5COLOREET_S3_
FN:277,_ZSt12__niter_baseIPPmET_S2_
FN:277,_ZSt12__niter_baseIPP10TransitionET_S3_
FN:277,_ZSt12__niter_baseIPPSt4pairImmEET_S4_
FN:277,_ZSt12__niter_baseIPPiET_S2_
FN:277,_ZSt12__niter_baseIPiET_S1_
FN:277,_ZSt12__niter_baseISt19_Bit_const_iteratorET_S1_
FN:319,_ZNSt11__copy_moveILb0ELb0ESt26random_access_iterator_tagE8__copy_mISt19_Bit_const_iteratorSt13_Bit_iteratorEET0_T_S6_S5_
FN:319,_ZNSt11__copy_moveILb0ELb0ESt26random_access_iterator_tagE8__copy_mISt13_Bit_iteratorS3_EET0_T_S5_S4_
FN:357,_ZNSt11__copy_moveILb0ELb1ESt26random_access_iterator_tagE8__copy_mImEEPT_PKS3_S6_S4_
FN:357,_ZNSt11__copy_moveILb0ELb1ESt26random_access_iterator_tagE8__copy_mIP9AutoBlockEEPT_PKS5_S8_S6_
FN:357,_ZNSt11__copy_moveILb0ELb1ESt26random_access_iterator_tagE8__copy_mIP10TransitionEEPT_PKS5_S8_S6_
FN:357,_ZNSt11__copy_moveILb0ELb1ESt26random_access_iterator_tagE8__copy_mIPiEEPT_PKS4_S7_S5_
FN:357,_ZNSt11__copy_moveILb1ELb1ESt26random_access_iterator_tagE8__copy_mImEEPT_PKS3_S6_S4_
FN:357,_ZNSt11__copy_moveILb0ELb1ESt26random_access_iterator_tagE8__copy_mIPSt4pairImmEEEPT_PKS6_S9_S7_
FN:357,_ZNSt11__copy_moveILb0ELb1ESt26random_access_iterator_tagE8__copy_mIPmEEPT_PKS4_S7_S5_
FN:375,_ZSt13__copy_move_aILb0EPmS0_ET1_T0_S2_S1_
FN:375,_ZSt13__copy_move_aILb1EPmS0_ET1_T0_S2_S1_
FN:375,_ZSt13__copy_move_aILb0EPP10TransitionS2_ET1_T0_S4_S3_
FN:375,_ZSt13__copy_move_aILb0EPP9AutoBlockS2_ET1_T0_S4_S3_
FN:375,_ZSt13__copy_move_aILb0EPPSt4pairImmES3_ET1_T0_S5_S4_
FN:375,_ZSt13__copy_move_aILb0EPPmS1_ET1_T0_S3_S2_
FN:375,_ZSt13__copy_move_aILb0ESt19_Bit_const_iteratorSt13_Bit_iteratorET1_T0_S3_S2_
FN:375,_ZSt13__copy_move_aILb0ESt13_Bit_iteratorS0_ET1_T0_S2_S1_
FN:375,_ZSt13__copy_move_aILb0EPPiS1_ET1_T0_S3_S2_
FN:420,_ZSt14__copy_move_a2ILb1EPmS0_ET1_T0_S2_S1_
FN:420,_ZSt14__copy_move_a2ILb0ESt13_Bit_iteratorS0_ET1_T0_S2_S1_
FN:420,_ZSt14__copy_move_a2ILb0EPmS0_ET1_T0_S2_S1_
FN:420,_ZSt14__copy_move_a2ILb0ESt19_Bit_const_iteratorSt13_Bit_iteratorET1_T0_S3_S2_
FN:420,_ZSt14__copy_move_a2ILb0EPPmS1_ET1_T0_S3_S2_
FN:420,_ZSt14__copy_move_a2ILb0EPP9AutoBlockS2_ET1_T0_S4_S3_
FN:420,_ZSt14__copy_move_a2ILb0EPPiS1_ET1_T0_S3_S2_
FN:420,_ZSt14__copy_move_a2ILb0EPP10TransitionS2_ET1_T0_S4_S3_
FN:420,_ZSt14__copy_move_a2ILb0EPPSt4pairImmES3_ET1_T0_S5_S4_
FN:446,_ZSt4copyISt19_Bit_const_iteratorSt13_Bit_iteratorET0_T_S3_S2_
FN:446,_ZSt4copyISt13_Bit_iteratorS0_ET0_T_S2_S1_
FN:446,_ZSt4copyISt13move_iteratorIPmES1_ET0_T_S4_S3_
FN:446,_ZSt4copyIPPiS1_ET0_T_S3_S2_
FN:446,_ZSt4copyIPmS0_ET0_T_S2_S1_
FN:446,_ZSt4copyIPPSt4pairImmES3_ET0_T_S5_S4_
FN:446,_ZSt4copyIPP9AutoBlockS2_ET0_T_S4_S3_
FN:446,_ZSt4copyIPP10TransitionS2_ET0_T_S4_S3_
FN:446,_ZSt4copyIPPmS1_ET0_T_S3_S2_
FN:529,_ZNSt20__copy_move_backwardILb0ELb0ESt26random_access_iterator_tagE13__copy_move_bISt13_Bit_iteratorS3_EET0_T_S5_S4_
FN:559,_ZNSt20__copy_move_backwardILb0ELb1ESt26random_access_iterator_tagE13__copy_move_bIPmEEPT_PKS4_S7_S5_
FN:559,_ZNSt20__copy_move_backwardILb0ELb1ESt26random_access_iterator_tagE13__copy_move_bIPSt4pairImmEEEPT_PKS6_S9_S7_
FN:559,_ZNSt20__copy_move_backwardILb0ELb1ESt26random_access_iterator_tagE13__copy_move_bIP10TransitionEEPT_PKS5_S8_S6_
FN:559,_ZNSt20__copy_move_backwardILb0ELb1ESt26random_access_iterator_tagE13__copy_move_bIPiEEPT_PKS4_S7_S5_
FN:559,_ZNSt20__copy_move_backwardILb0ELb1ESt26random_access_iterator_tagE13__copy_move_bIP9AutoBlockEEPT_PKS5_S8_S6_
FN:577,_ZSt22__copy_move_backward_aILb0EPP9AutoBlockS2_ET1_T0_S4_S3_
FN:577,_ZSt22__copy_move_backward_aILb0ESt13_Bit_iteratorS0_ET1_T0_S2_S1_
FN:577,_ZSt22__copy_move_backward_aILb0EPPmS1_ET1_T0_S3_S2_
FN:577,_ZSt22__copy_move_backward_aILb0EPPiS1_ET1_T0_S3_S2_
FN:577,_ZSt22__copy_move_backward_aILb0EPPSt4pairImmES3_ET1_T0_S5_S4_
FN:577,_ZSt22__copy_move_backward_aILb0EPP10TransitionS2_ET1_T0_S4_S3_
FN:595,_ZSt23__copy_move_backward_a2ILb0EPP10TransitionS2_ET1_T0_S4_S3_
FN:595,_ZSt23__copy_move_backward_a2ILb0ESt13_Bit_iteratorS0_ET1_T0_S2_S1_
FN:595,_ZSt23__copy_move_backward_a2ILb0EPPiS1_ET1_T0_S3_S2_
FN:595,_ZSt23__copy_move_backward_a2ILb0EPPmS1_ET1_T0_S3_S2_
FN:595,_ZSt23__copy_move_backward_a2ILb0EPP9AutoBlockS2_ET1_T0_S4_S3_
FN:595,_ZSt23__copy_move_backward_a2ILb0EPPSt4pairImmES3_ET1_T0_S5_S4_
FN:622,_ZSt13copy_backwardIPPSt4pairImmES3_ET0_T_S5_S4_
FN:622,_ZSt13copy_backwardIPP9AutoBlockS2_ET0_T_S4_S3_
FN:622,_ZSt13copy_backwardIPPmS1_ET0_T_S3_S2_
FN:622,_ZSt13copy_backwardISt13_Bit_iteratorS0_ET0_T_S2_S1_
FN:622,_ZSt13copy_backwardIPP10TransitionS2_ET0_T_S4_S3_
FN:622,_ZSt13copy_backwardIPPiS1_ET0_T_S3_S2_
FN:691,_ZSt8__fill_aIPmiEN9__gnu_cxx11__enable_ifIXsrSt11__is_scalarIT0_E7__valueEvE6__typeET_S8_RKS4_
FN:724,_ZSt4fillIPmiEvT_S1_RKT0_
FN:738,_ZSt10__fill_n_aIPN11CycleFinder5COLOREmS1_EN9__gnu_cxx11__enable_ifIXntsrSt11__is_scalarIT1_E7__valueET_E6__typeES8_T0_RKS6_
FN:749,_ZSt10__fill_n_aIPimiEN9__gnu_cxx11__enable_ifIXsrSt11__is_scalarIT1_E7__valueET_E6__typeES6_T0_RKS4_
FN:784,_ZSt6fill_nIPimiET_S1_T0_RKT1_
FN:784,_ZSt6fill_nIPN11CycleFinder5COLOREmS1_ET_S3_T0_RKT1_
FNDA:6,_ZSt12__niter_baseIPN11CycleFinder5COLOREET_S3_
FNDA:2,_ZSt14__copy_move_a2ILb0ESt19_Bit_const_iteratorSt13_Bit_iteratorET1_T0_S3_S2_
FNDA:0,_ZSt22__copy_move_backward_aILb0ESt13_Bit_iteratorS0_ET1_T0_S2_S1_
FNDA:0,_ZSt23__copy_move_backward_a2ILb0ESt13_Bit_iteratorS0_ET1_T0_S2_S1_
FNDA:0,_ZSt13__copy_move_aILb0EPPSt4pairImmES3_ET1_T0_S5_S4_
FNDA:0,_ZSt12__niter_baseIPPmET_S2_
FNDA:0,_ZNSt11__copy_moveILb0ELb1ESt26random_access_iterator_tagE8__copy_mIP9AutoBlockEEPT_PKS5_S8_S6_
FNDA:0,_ZSt13copy_backwardISt13_Bit_iteratorS0_ET0_T_S2_S1_
FNDA:0,_ZSt12__niter_baseIPP10TransitionET_S3_
FNDA:0,_ZSt4copyIPP9AutoBlockS2_ET0_T_S4_S3_
FNDA:0,_ZNSt20__copy_move_backwardILb0ELb1ESt26random_access_iterator_tagE13__copy_move_bIP10TransitionEEPT_PKS5_S8_S6_
FNDA:0,_ZSt12__niter_baseIPPSt4pairImmEET_S4_
FNDA:6,_ZSt6fill_nIPN11CycleFinder5COLOREmS1_ET_S3_T0_RKT1_
FNDA:2,_ZNSt11__copy_moveILb0ELb1ESt26random_access_iterator_tagE8__copy_mImEEPT_PKS3_S6_S4_
FNDA:0,_ZSt13__copy_move_aILb0EPP9AutoBlockS2_ET1_T0_S4_S3_
FNDA:0,_ZNSt20__copy_move_backwardILb0ELb1ESt26random_access_iterator_tagE13__copy_move_bIPSt4pairImmEEEPT_PKS6_S9_S7_
FNDA:2,_ZSt14__copy_move_a2ILb0EPmS0_ET1_T0_S2_S1_
FNDA:0,_ZSt4copyIPPiS1_ET0_T_S3_S2_
FNDA:0,_ZSt13copy_backwardIPP9AutoBlockS2_ET0_T_S4_S3_
FNDA:2,_ZSt4copyIPmS0_ET0_T_S2_S1_
FNDA:367,_ZSt3maxImERKT_S2_S2_
FNDA:0,_ZSt12__niter_baseIPP9AutoBlockET_S3_
FNDA:0,_ZSt13copy_backwardIPPmS1_ET0_T_S3_S2_
FNDA:262,_ZSt12__niter_baseIPmET_S1_
FNDA:0,_ZSt4copyIPPSt4pairImmES3_ET0_T_S5_S4_
FNDA:2,_ZNSt11__copy_moveILb0ELb0ESt26random_access_iterator_tagE8__copy_mISt19_Bit_const_iteratorSt13_Bit_iteratorEET0_T_S6_S5_
FNDA:2,_ZSt4copyISt13_Bit_iteratorS0_ET0_T_S2_S1_
FNDA:2,_ZSt13__copy_move_aILb0EPmS0_ET1_T0_S2_S1_
FNDA:20,_ZSt14__copy_move_a2ILb1EPmS0_ET1_T0_S2_S1_
FNDA:20,_ZSt4copyISt13move_iteratorIPmES1_ET0_T_S4_S3_
FNDA:2,_ZSt14__copy_move_a2ILb0ESt13_Bit_iteratorS0_ET1_T0_S2_S1_
FNDA:2,_ZSt6fill_nIPimiET_S1_T0_RKT1_
FNDA:20,_ZSt13__copy_move_aILb1EPmS0_ET1_T0_S2_S1_
FNDA:0,_ZSt13__copy_move_aILb0EPP10TransitionS2_ET1_T0_S4_S3_
FNDA:98,_ZSt4fillIPmiEvT_S1_RKT0_
FNDA:0,_ZSt23__copy_move_backward_a2ILb0EPP10TransitionS2_ET1_T0_S4_S3_
FNDA:0,_ZSt13copy_backwardIPPSt4pairImmES3_ET0_T_S5_S4_
FNDA:2,_ZSt4copyISt19_Bit_const_iteratorSt13_Bit_iteratorET0_T_S3_S2_
FNDA:98,_ZSt8__fill_aIPmiEN9__gnu_cxx11__enable_ifIXsrSt11__is_scalarIT0_E7__valueEvE6__typeET_S8_RKS4_
FNDA:0,_ZSt22__copy_move_backward_aILb0EPP9AutoBlockS2_ET1_T0_S4_S3_
FNDA:8,_ZSt12__niter_baseISt13_Bit_iteratorET_S1_
FNDA:2,_ZSt10__fill_n_aIPimiEN9__gnu_cxx11__enable_ifIXsrSt11__is_scalarIT1_E7__valueET_E6__typeES6_T0_RKS4_
FNDA:0,_ZNSt20__copy_move_backwardILb0ELb1ESt26random_access_iterator_tagE13__copy_move_bIPmEEPT_PKS4_S7_S5_
FNDA:0,_ZSt13__copy_move_aILb0EPPiS1_ET1_T0_S3_S2_
FNDA:0,_ZSt22__copy_move_backward_aILb0EPP10TransitionS2_ET1_T0_S4_S3_
FNDA:4,_ZSt12__niter_baseISt19_Bit_const_iteratorET_S1_
FNDA:0,_ZNSt20__copy_move_backwardILb0ELb1ESt26random_access_iterator_tagE13__copy_move_bIP9AutoBlockEEPT_PKS5_S8_S6_
FNDA:0,_ZSt14__copy_move_a2ILb0EPPSt4pairImmES3_ET1_T0_S5_S4_
FNDA:0,_ZNSt11__copy_moveILb0ELb1ESt26random_access_iterator_tagE8__copy_mIPmEEPT_PKS4_S7_S5_
FNDA:0,_ZNSt11__copy_moveILb0ELb1ESt26random_access_iterator_tagE8__copy_mIPSt4pairImmEEEPT_PKS6_S9_S7_
FNDA:20,_ZNSt11__copy_moveILb1ELb1ESt26random_access_iterator_tagE8__copy_mImEEPT_PKS3_S6_S4_
FNDA:0,_ZSt12__niter_baseIPPiET_S2_
FNDA:0,_ZSt22__copy_move_backward_aILb0EPPSt4pairImmES3_ET1_T0_S5_S4_
FNDA:2,_ZSt13__copy_move_aILb0ESt13_Bit_iteratorS0_ET1_T0_S2_S1_
FNDA:68,_ZSt12__niter_baseIPiET_S1_
FNDA:6,_ZSt10__fill_n_aIPN11CycleFinder5COLOREmS1_EN9__gnu_cxx11__enable_ifIXntsrSt11__is_scalarIT1_E7__valueET_E6__typeES8_T0_RKS6_
FNDA:0,_ZSt14__copy_move_a2ILb0EPP10TransitionS2_ET1_T0_S4_S3_
FNDA:0,_ZNSt20__copy_move_backwardILb0ELb1ESt26random_access_iterator_tagE13__copy_move_bIPiEEPT_PKS4_S7_S5_
FNDA:0,_ZSt23__copy_move_backward_a2ILb0EPPSt4pairImmES3_ET1_T0_S5_S4_
FNDA:0,_ZSt23__copy_move_backward_a2ILb0EPP9AutoBlockS2_ET1_T0_S4_S3_
FNDA:0,_ZSt22__copy_move_backward_aILb0EPPiS1_ET1_T0_S3_S2_
FNDA:15,_ZSt9iter_swapIN9__gnu_cxx17__normal_iteratorIPmSt6vectorImSaImEEEES6_EvT_T0_
FNDA:0,_ZSt4copyIPPmS1_ET0_T_S3_S2_
FNDA:0,_ZSt13copy_backwardIPPiS1_ET0_T_S3_S2_
FNDA:0,_ZSt14__copy_move_a2ILb0EPP9AutoBlockS2_ET1_T0_S4_S3_
FNDA:0,_ZNSt11__copy_moveILb0ELb1ESt26random_access_iterator_tagE8__copy_mIPiEEPT_PKS4_S7_S5_
FNDA:0,_ZSt14__copy_move_a2ILb0EPPiS1_ET1_T0_S3_S2_
FNDA:2,_ZNSt11__copy_moveILb0ELb0ESt26random_access_iterator_tagE8__copy_mISt13_Bit_iteratorS3_EET0_T_S5_S4_
FNDA:0,_ZSt13copy_backwardIPP10TransitionS2_ET0_T_S4_S3_
FNDA:0,_ZSt13__copy_move_aILb0EPPmS1_ET1_T0_S3_S2_
FNDA:0,_ZSt22__copy_move_backward_aILb0EPPmS1_ET1_T0_S3_S2_
FNDA:2,_ZSt13__copy_move_aILb0ESt19_Bit_const_iteratorSt13_Bit_iteratorET1_T0_S3_S2_
FNDA:43,_ZSt3maxIiERKT_S2_S2_
FNDA:0,_ZSt23__copy_move_backward_a2ILb0EPPiS1_ET1_T0_S3_S2_
FNDA:0,_ZSt14__copy_move_a2ILb0EPPmS1_ET1_T0_S3_S2_
FNDA:0,_ZSt4copyIPP10TransitionS2_ET0_T_S4_S3_
FNDA:0,_ZNSt11__copy_moveILb0ELb1ESt26random_access_iterator_tagE8__copy_mIP10TransitionEEPT_PKS5_S8_S6_
FNDA:583,_ZSt3minImERKT_S2_S2_
FNDA:0,_ZNSt20__copy_move_backwardILb0ELb0ESt26random_access_iterator_tagE13__copy_move_bISt13_Bit_iteratorS3_EET0_T_S5_S4_
FNDA:0,_ZSt23__copy_move_backward_a2ILb0EPPmS1_ET1_T0_S3_S2_
FNF:80
FNH:31
DA:120,15
DA:148,15
DA:150,15
DA:195,583
DA:200,583
DA:201,101
DA:202,482
DA:219,410
DA:224,410
DA:225,45
DA:226,365
DA:277,348
DA:278,348
DA:319,4
DA:322,4
DA:324,0
DA:325,0
DA:326,0
DA:328,4
DA:357,22
DA:366,22
DA:367,22
DA:368,8
DA:369,22
DA:375,26
DA:380,26
DA:386,26
DA:420,26
DA:422,26
DA:424,26
DA:446,26
DA:455,26
DA:456,26
DA:529,0
DA:532,0
DA:533,0
DA:534,0
DA:559,0
DA:568,0
DA:569,0
DA:570,0
DA:571,0
DA:577,0
DA:582,0
DA:590,0
DA:595,0
DA:598,0
DA:599,0
DA:622,0
DA:633,0
DA:634,0
DA:691,98
DA:694,98
DA:695,294
DA:696,98
DA:697,98
DA:724,98
DA:731,98
DA:733,98
DA:738,6
DA:740,77
DA:741,77
DA:742,71
DA:743,6
DA:749,2
DA:751,2
DA:752,32
DA:753,32
DA:754,30
DA:755,2
DA:784,8
DA:789,8
LF:72
LH:51
end_of_record
TN:test
SF:/usr/include/c++/7/bits/stl_bvector.h
FN:75,_ZNSt14_Bit_referenceC2EPmm
FN:80,_ZNKSt14_Bit_referencecvbEv
FN:84,_ZNSt14_Bit_referenceaSEb
FN:94,_ZNSt14_Bit_referenceaSERKS_
FN:142,_ZNSt18_Bit_iterator_baseC2EPmj
FN:146,_ZNSt18_Bit_iterator_base10_M_bump_upEv
FN:156,_ZNSt18_Bit_iterator_base12_M_bump_downEv
FN:166,_ZNSt18_Bit_iterator_base7_M_incrEl
FN:180,_ZNKSt18_Bit_iterator_baseeqERKS_
FN:191,_ZNKSt18_Bit_iterator_baseneERKS_
FN:208,_ZStmiRKSt18_Bit_iterator_baseS1_
FN:220,_ZNSt13_Bit_iteratorC2Ev
FN:222,_ZNSt13_Bit_iteratorC2EPmj
FN:230,_ZNKSt13_Bit_iteratordeEv
FN:234,_ZNSt13_Bit_iteratorppEv
FN:249,_ZNSt13_Bit_iteratormmEv
FN:264,_ZNSt13_Bit_iteratorpLEl
FN:278,_ZNKSt13_Bit_iteratorplEl
FN:309,_ZNSt19_Bit_const_iteratorC2EPmj
FN:312,_ZNSt19_Bit_const_iteratorC2ERKSt13_Bit_iterator
FN:316,_ZNKSt19_Bit_const_iterator13_M_const_castEv
FN:320,_ZNKSt19_Bit_const_iteratordeEv
FN:324,_ZNSt19_Bit_const_iteratorppEv
FN:391,_ZSt14__fill_bvectorSt13_Bit_iteratorS_b
FN:398,_ZSt4fillSt13_Bit_iteratorS_RKb
FN:419,_ZNSt13_Bvector_baseISaIbEE13_Bvector_implD2Ev
FN:426,_ZNSt13_Bvector_baseISaIbEE13_Bvector_implC2Ev
FN:435,_ZNSt13_Bvector_baseISaIbEE13_Bvector_implC2EOSaImE
FN:442,_ZNKSt13_Bvector_baseISaIbEE13_Bvector_impl11_M_end_addrEv
FN:458,_ZNKSt13_Bvector_baseISaIbEE20_M_get_Bit_allocatorEv
FN:465,_ZNSt13_Bvector_baseISaIbEEC2Ev
FN:468,_ZNSt13_Bvector_baseISaIbEEC2ERKS0_
FN:484,_ZNSt13_Bvector_baseISaIbEED2Ev
FN:491,_ZNSt13_Bvector_baseISaIbEE11_M_allocateEm
FN:495,_ZNSt13_Bvector_baseISaIbEE13_M_deallocateEv
FN:509,_ZNSt13_Bvector_baseISaIbEE8_S_nwordEm
FN:577,_ZNSt6vectorIbSaIbEEC2Ev
FN:593,_ZNSt6vectorIbSaIbEEC2EmRKbRKS0_
FN:679,_ZNSt6vectorIbSaIbEED2Ev
FN:781,_ZNSt6vectorIbSaIbEE5beginEv
FN:785,_ZNKSt6vectorIbSaIbEE5beginEv
FN:789,_ZNSt6vectorIbSaIbEE3endEv
FN:793,_ZNKSt6vectorIbSaIbEE3endEv
FN:814,_ZNKSt6vectorIbSaIbEE6cbeginEv
FN:831,_ZNKSt6vectorIbSaIbEE4sizeEv
FN:835,_ZNKSt6vectorIbSaIbEE8max_sizeEv
FN:847,_ZNKSt6vectorIbSaIbEE8capacityEv
FN:856,_ZNSt6vectorIbSaIbEEixEm
FN:992,_ZNSt6vectorIbSaIbEE6insertESt19_Bit_const_iteratormRKb
FN:1031,_ZNSt6vectorIbSaIbEE6resizeEmb
FN:1081,_ZNSt6vectorIbSaIbEE15_M_copy_alignedESt19_Bit_const_iteratorS2_St13_Bit_iterator
FN:1090,_ZNSt6vectorIbSaIbEE13_M_initializeEm
FN:1256,_ZNKSt6vectorIbSaIbEE12_M_check_lenEmPKc
FN:1266,_ZNSt6vectorIbSaIbEE15_M_erase_at_endESt13_Bit_iterator
FNDA:2,_ZNKSt6vectorIbSaIbEE12_M_check_lenEmPKc
FNDA:32,_ZNKSt18_Bit_iterator_baseeqERKS_
FNDA:0,_ZNSt14_Bit_referenceaSERKS_
FNDA:14,_ZNKSt6vectorIbSaIbEE4sizeEv
FNDA:300,_ZNSt13_Bit_iteratorC2Ev
FNDA:98,_ZNSt13_Bvector_baseISaIbEEC2ERKS0_
FNDA:98,_ZNSt6vectorIbSaIbEE13_M_initializeEm
FNDA:849,_ZNSt13_Bit_iteratorC2EPmj
FNDA:0,_ZNKSt19_Bit_const_iteratordeEv
FNDA:4,_ZNKSt13_Bvector_baseISaIbEE20_M_get_Bit_allocatorEv
FNDA:22,_ZStmiRKSt18_Bit_iterator_baseS1_
FNDA:4,_ZNSt6vectorIbSaIbEE3endEv
FNDA:2,_ZNSt6vectorIbSaIbEE6insertESt19_Bit_const_iteratormRKb
FNDA:30,_ZNSt13_Bit_iteratorppEv
FNDA:98,_ZNSt6vectorIbSaIbEEC2EmRKbRKS0_
FNDA:100,_ZNSt6vectorIbSaIbEED2Ev
FNDA:1191,_ZNSt18_Bit_iterator_baseC2EPmj
FNDA:14,_ZNKSt6vectorIbSaIbEE3endEv
FNDA:4,_ZNSt6vectorIbSaIbEE5beginEv
FNDA:0,_ZNSt6vectorIbSaIbEE15_M_erase_at_endESt13_Bit_iterator
FNDA:102,_ZNSt13_Bvector_baseISaIbEE13_M_deallocateEv
FNDA:104,_ZNSt18_Bit_iterator_base7_M_incrEl
FNDA:2,_ZNSt6vectorIbSaIbEEC2Ev
FNDA:2,_ZNSt13_Bvector_baseISaIbEEC2Ev
FNDA:775,_ZNKSt13_Bit_iteratordeEv
FNDA:104,_ZNSt13_Bit_iteratorpLEl
FNDA:2,_ZNKSt6vectorIbSaIbEE8capacityEv
FNDA:0,_ZNSt18_Bit_iterator_base12_M_bump_downEv
FNDA:16,_ZNKSt6vectorIbSaIbEE5beginEv
FNDA:30,_ZNSt18_Bit_iterator_base10_M_bump_upEv
FNDA:775,_ZNSt14_Bit_referenceC2EPmm
FNDA:2,_ZNSt6vectorIbSaIbEE15_M_copy_alignedESt19_Bit_const_iteratorS2_St13_Bit_iterator
FNDA:288,_ZNSt14_Bit_referenceaSEb
FNDA:100,_ZNSt13_Bvector_baseISaIbEE13_Bvector_implD2Ev
FNDA:32,_ZNKSt18_Bit_iterator_baseneERKS_
FNDA:200,_ZNKSt13_Bvector_baseISaIbEE13_Bvector_impl11_M_end_addrEv
FNDA:0,_ZNSt19_Bit_const_iteratorppEv
FNDA:0,_ZNSt13_Bit_iteratormmEv
FNDA:200,_ZNSt13_Bvector_baseISaIbEE8_S_nwordEm
FNDA:2,_ZSt14__fill_bvectorSt13_Bit_iteratorS_b
FNDA:2,_ZSt4fillSt13_Bit_iteratorS_RKb
FNDA:98,_ZNSt13_Bvector_baseISaIbEE13_Bvector_implC2EOSaImE
FNDA:4,_ZNSt19_Bit_const_iteratorC2EPmj
FNDA:745,_ZNSt6vectorIbSaIbEEixEm
FNDA:2,_ZNSt13_Bvector_baseISaIbEE13_Bvector_implC2Ev
FNDA:100,_ZNSt13_Bvector_baseISaIbEED2Ev
FNDA:100,_ZNSt13_Bvector_baseISaIbEE11_M_allocateEm
FNDA:2,_ZNKSt6vectorIbSaIbEE6cbeginEv
FNDA:104,_ZNKSt13_Bit_iteratorplEl
FNDA:2,_ZNSt6vectorIbSaIbEE6resizeEmb
FNDA:2,_ZNKSt19_Bit_const_iterator13_M_const_castEv
FNDA:38,_ZNSt19_Bit_const_iteratorC2ERKSt13_Bit_iterator
FNDA:4,_ZNKSt6vectorIbSaIbEE8max_sizeEv
FNDA:487,_ZNKSt14_Bit_referencecvbEv
FNF:54
FNH:48
DA:75,775
DA:76,775
DA:80,487
DA:81,487
DA:84,288
DA:86,288
DA:87,258
DA:89,30
DA:90,288
DA:94,0
DA:95,0
DA:142,1191
DA:143,1191
DA:146,30
DA:148,30
DA:150,0
DA:151,0
DA:153,30
DA:156,0
DA:158,0
DA:160,0
DA:161,0
DA:163,0
DA:166,104
DA:168,104
DA:169,104
DA:170,104
DA:171,104
DA:173,0
DA:174,0
DA:176,104
DA:177,104
DA:180,32
DA:181,32
DA:191,32
DA:192,32
DA:208,22
DA:210,22
DA:211,22
DA:220,300
DA:222,849
DA:223,849
DA:230,775
DA:231,775
DA:234,30
DA:236,30
DA:237,30
DA:249,0
DA:251,0
DA:252,0
DA:264,104
DA:266,104
DA:267,104
DA:278,104
DA:280,104
DA:281,104
DA:309,4
DA:310,4
DA:312,38
DA:313,38
DA:316,2
DA:317,2
DA:320,0
DA:321,0
DA:324,0
DA:326,0
DA:327,0
DA:391,32
DA:393,62
DA:394,30
DA:395,2
DA:398,2
DA:400,2
DA:402,0
DA:403,0
DA:404,0
DA:407,2
DA:408,2
DA:419,100
DA:426,2
DA:427,2
DA:428,2
DA:435,98
DA:436,98
DA:437,98
DA:438,98
DA:442,200
DA:444,200
DA:445,198
DA:446,2
DA:458,4
DA:459,4
DA:465,2
DA:466,2
DA:468,98
DA:469,98
DA:484,100
DA:485,100
DA:491,100
DA:492,100
DA:495,102
DA:497,102
DA:499,100
DA:500,100
DA:501,100
DA:503,100
DA:504,100
DA:506,102
DA:509,200
DA:510,200
DA:577,2
DA:581,2
DA:593,98
DA:595,98
DA:597,98
DA:598,98
DA:600,98
DA:679,100
DA:781,4
DA:782,4
DA:785,16
DA:786,16
DA:789,4
DA:790,4
DA:793,14
DA:794,14
DA:814,2
DA:815,2
DA:831,14
DA:832,14
DA:835,4
DA:837,4
DA:840,4
DA:841,4
DA:843,4
DA:847,2
DA:849,2
DA:856,745
DA:858,2235
DA:859,2235
DA:992,2
DA:994,2
DA:995,2
DA:996,2
DA:1031,2
DA:1033,2
DA:1034,0
DA:1036,2
DA:1037,2
DA:1081,2
DA:1084,2
DA:1085,4
DA:1086,4
DA:1090,98
DA:1092,98
DA:1094,98
DA:1095,98
DA:1096,98
DA:1100,0
DA:1101,0
DA:1103,98
DA:1104,98
DA:1256,2
DA:1258,2
DA:1259,0
DA:1261,2
DA:1262,2
DA:1266,0
DA:1267,0
LF:169
LH:141
end_of_record
TN:test
SF:/usr/include/c++/7/bits/stl_construct.h
FN:74,_ZSt10_ConstructISt3setImSt4lessImESaImEEJEEvPT_DpOT0_
FN:74,_ZSt10_ConstructISt3setI10TransitionSt4lessIS1_ESaIS1_EEJS5_EEvPT_DpOT0_
FN:74,_ZSt10_ConstructI5StateJRKS0_EEvPT_DpOT0_
FN:74,_ZSt10_ConstructI5StateJS0_EEvPT_DpOT0_
FN:74,_ZSt10_ConstructISt3setI10TransitionSt4lessIS1_ESaIS1_EEJRKS5_EEvPT_DpOT0_
FN:74,_ZSt10_ConstructISt3setI10TransitionSt4lessIS1_ESaIS1_EEJEEvPT_DpOT0_
FN:97,_ZSt8_DestroyISt3setI10TransitionSt4lessIS1_ESaIS1_EEEvPT_
FN:97,_ZSt8_DestroyI5StateEvPT_
FN:97,_ZSt8_DestroyISt3setImSt4lessImESaImEEEvPT_
FN:97,_ZSt8_DestroyI9AutoBlockEvPT_
FN:97,_ZSt8_DestroyI10TransitionEvPT_
FN:105,_ZNSt12_Destroy_auxILb0EE9__destroyIP9AutoBlockEEvT_S4_
FN:105,_ZNSt12_Destroy_auxILb0EE9__destroyIP5StateEEvT_S4_
FN:105,_ZNSt12_Destroy_auxILb0EE9__destroyIP10TransitionEEvT_S4_
[...]
FNDA:0,_ZN7testing8internal14DefaultPrintToImEEvcNS0_13bool_constantILb0EEERKT_PSo
FNDA:0,_ZN7testing8internal33FormatForComparisonFailureMessageINSt7__cxx1112basic_stringIcSt11char_traitsIcESaIcEEEA7_cEES7_RKT_RKT0_
FNDA:0,_ZN7testing8internal33FormatForComparisonFailureMessageIA1_cNSt7__cxx1112basic_stringIcSt11char_traitsIcESaIcEEEEES8_RKT_RKT0_
FNDA:0,_ZN7testing8internal33FormatForComparisonFailureMessageINSt7__cxx1112basic_stringIcSt11char_traitsIcESaIcEEEA1_cEES7_RKT_RKT0_
FNDA:0,_ZN7testing8internal16UniversalPrinterIiE5PrintERKiPSo
FNDA:0,_ZN7testing8internal19FormatForComparisonIA2_cNSt7__cxx1112basic_stringIcSt11char_traitsIcESaIcEEEE6FormatEPKc
FNDA:0,_ZN7testing8internal33FormatForComparisonFailureMessageINSt7__cxx1112basic_stringIcSt11char_traitsIcESaIcEEEA12_cEES7_RKT_RKT0_
FNDA:0,_ZN7testing8internal21UniversalTersePrinterImE5PrintERKmPSo
FNDA:0,_ZN7testing8internal19FormatForComparisonImiE6FormatB5cxx11ERKm
FNDA:0,_ZN7testing8internal14DefaultPrintToIiEEvcNS0_13bool_constantILb0EEERKT_PSo
FNDA:0,_ZN7testing8internal21UniversalTersePrinterIPKcE5PrintES3_PSo
FNDA:0,_ZN7testing8internal7PrintToIiEEvRKT_PSo
FNDA:0,_ZN7testing13PrintToStringImEENSt7__cxx1112basic_stringIcSt11char_traitsIcESaIcEEERKT_
FNDA:0,_ZN7testing8internal33FormatForComparisonFailureMessageIA5_cNSt7__cxx1112basic_stringIcSt11char_traitsIcESaIcEEEEES8_RKT_RKT0_
FNDA:0,_ZN7testing8internal19FormatForComparisonINSt7__cxx1112basic_stringIcSt11char_traitsIcESaIcEEEA2_cE6FormatERKS7_
FNDA:0,_ZN7testing8internal7PrintToImEEvRKT_PSo
FNDA:0,_ZN7testing13PrintToStringIPKcEENSt7__cxx1112basic_stringIcSt11char_traitsIcESaIcEEERKT_
FNDA:0,_ZN7testing8internal19FormatForComparisonIPKcNSt7__cxx1112basic_stringIcSt11char_traitsIcESaIcEEEE6FormatES3_
FNDA:0,_ZN16testing_internal26DefaultPrintNonContainerToIiEEvRKT_PSo
FNDA:0,_ZN7testing8internal19FormatForComparisonIA5_cNSt7__cxx1112basic_stringIcSt11char_traitsIcESaIcEEEE6FormatEPKc
FNDA:0,_ZN7testing8internal19FormatForComparisonINSt7__cxx1112basic_stringIcSt11char_traitsIcESaIcEEEA13_cE6FormatERKS7_
FNDA:0,_ZN7testing8internal33FormatForComparisonFailureMessageIimEENSt7__cxx1112basic_stringIcSt11char_traitsIcESaIcEEERKT_RKT0_
FNDA:0,_ZN7testing8internal21UniversalTersePrinterINSt7__cxx1112basic_stringIcSt11char_traitsIcESaIcEEEE5PrintERKS7_PSo
FNDA:0,_ZN7testing13PrintToStringIiEENSt7__cxx1112basic_stringIcSt11char_traitsIcESaIcEEERKT_
FNDA:0,_ZN7testing8internal19FormatForComparisonINSt7__cxx1112basic_stringIcSt11char_traitsIcESaIcEEEA7_cE6FormatERKS7_
FNDA:0,_ZN7testing8internal14UniversalPrintIiEEvRKT_PSo
FNDA:0,_ZN7testing8internal19FormatForComparisonINSt7__cxx1112basic_stringIcSt11char_traitsIcESaIcEEEA5_cE6FormatERKS7_
FNDA:0,_ZN7testing8internal33FormatForComparisonFailureMessageIA12_cNSt7__cxx1112basic_stringIcSt11char_traitsIcESaIcEEEEES8_RKT_RKT0_
FNDA:0,_ZN7testing8internal19FormatForComparisonIimE6FormatB5cxx11ERKi
FNDA:0,_ZN7testing8internal19FormatForComparisonIA7_cNSt7__cxx1112basic_stringIcSt11char_traitsIcESaIcEEEE6FormatEPKc
FNDA:0,_ZN7testing8internal33FormatForComparisonFailureMessageIiiEENSt7__cxx1112basic_stringIcSt11char_traitsIcESaIcEEERKT_RKT0_
FNDA:0,_ZN7testing8internal33FormatForComparisonFailureMessageINSt7__cxx1112basic_stringIcSt11char_traitsIcESaIcEEEA2_cEES7_RKT_RKT0_
FNDA:0,_ZN7testing8internal33FormatForComparisonFailureMessageIA7_cNSt7__cxx1112basic_stringIcSt11char_traitsIcESaIcEEEEES8_RKT_RKT0_
FNF:52
FNH:0
DA:222,0
DA:249,0
DA:250,0
DA:275,0
DA:276,0
DA:284,0
DA:285,0
DA:321,0
DA:349,0
DA:351,0
DA:436,0
DA:439,0
DA:440,0
DA:454,0
DA:477,0
DA:478,0
DA:565,0
DA:566,0
DA:567,0
DA:698,0
DA:707,0
DA:708,0
DA:783,0
DA:784,0
DA:785,0
DA:804,0
DA:805,0
DA:806,0
DA:808,0
DA:810,0
DA:852,0
DA:856,0
DA:857,0
DA:980,0
DA:981,0
DA:982,0
DA:983,0
LF:37
LH:0
end_of_record
TN:test
SF:/usr/include/gtest/gtest.h
FN:256,_ZN7testing15AssertionResultD2Ev
FN:272,_ZN7testing15AssertionResultC2IbEERKT_PNS_8internal8EnableIfIXntsrNS5_21ImplicitlyConvertibleIS2_S0_EE5valueEE4typeE
FN:288,_ZNK7testing15AssertionResultcvbEv
FN:297,_ZNK7testing15AssertionResult7messageEv
FN:302,_ZNK7testing15AssertionResult15failure_messageEv
FN:389,_ZN7testing4Test13SetUpTestCaseEv
FN:397,_ZN7testing4Test16TearDownTestCaseEv
FN:474,_ZN7testing4Test5SetupEv
FN:1375,_ZN7testing8internal18CmpHelperEQFailureImiEENS_15AssertionResultEPKcS4_RKT_RKT0_
FN:1375,_ZN7testing8internal18CmpHelperEQFailureINSt7__cxx1112basic_stringIcSt11char_traitsIcESaIcEEEA13_cEENS_15AssertionResultEPKcSB_RKT_RKT0_
FN:1375,_ZN7testing8internal18CmpHelperEQFailureINSt7__cxx1112basic_stringIcSt11char_traitsIcESaIcEEEA2_cEENS_15AssertionResultEPKcSB_RKT_RKT0_
FN:1375,_ZN7testing8internal18CmpHelperEQFailureIiiEENS_15AssertionResultEPKcS4_RKT_RKT0_
FN:1375,_ZN7testing8internal18CmpHelperEQFailureINSt7__cxx1112basic_stringIcSt11char_traitsIcESaIcEEEA5_cEENS_15AssertionResultEPKcSB_RKT_RKT0_
FN:1375,_ZN7testing8internal18CmpHelperEQFailureINSt7__cxx1112basic_stringIcSt11char_traitsIcESaIcEEEA1_cEENS_15AssertionResultEPKcSB_RKT_RKT0_
FN:1375,_ZN7testing8internal18CmpHelperEQFailureINSt7__cxx1112basic_stringIcSt11char_traitsIcESaIcEEEA12_cEENS_15AssertionResultEPKcSB_RKT_RKT0_
FN:1375,_ZN7testing8internal18CmpHelperEQFailureINSt7__cxx1112basic_stringIcSt11char_traitsIcESaIcEEEA7_cEENS_15AssertionResultEPKcSB_RKT_RKT0_
FN:1387,_ZN7testing8internal11CmpHelperEQINSt7__cxx1112basic_stringIcSt11char_traitsIcESaIcEEEA5_cEENS_15AssertionResultEPKcSB_RKT_RKT0_
FN:1387,_ZN7testing8internal11CmpHelperEQINSt7__cxx1112basic_stringIcSt11char_traitsIcESaIcEEEA12_cEENS_15AssertionResultEPKcSB_RKT_RKT0_
FN:1387,_ZN7testing8internal11CmpHelperEQINSt7__cxx1112basic_stringIcSt11char_traitsIcESaIcEEEA1_cEENS_15AssertionResultEPKcSB_RKT_RKT0_
FN:1387,_ZN7testing8internal11CmpHelperEQINSt7__cxx1112basic_stringIcSt11char_traitsIcESaIcEEEA7_cEENS_15AssertionResultEPKcSB_RKT_RKT0_
FN:1387,_ZN7testing8internal11CmpHelperEQINSt7__cxx1112basic_stringIcSt11char_traitsIcESaIcEEEA2_cEENS_15AssertionResultEPKcSB_RKT_RKT0_
FN:1387,_ZN7testing8internal11CmpHelperEQImiEENS_15AssertionResultEPKcS4_RKT_RKT0_
FN:1387,_ZN7testing8internal11CmpHelperEQINSt7__cxx1112basic_stringIcSt11char_traitsIcESaIcEEEA13_cEENS_15AssertionResultEPKcSB_RKT_RKT0_
FN:1387,_ZN7testing8internal11CmpHelperEQIiiEENS_15AssertionResultEPKcS4_RKT_RKT0_
FN:1417,_ZN7testing8internal8EqHelperILb0EE7CompareINSt7__cxx1112basic_stringIcSt11char_traitsIcESaIcEEEA1_cEENS_15AssertionResultEPKcSD_RKT_RKT0_
FN:1417,_ZN7testing8internal8EqHelperILb0EE7CompareINSt7__cxx1112basic_stringIcSt11char_traitsIcESaIcEEEA5_cEENS_15AssertionResultEPKcSD_RKT_RKT0_
FN:1417,_ZN7testing8internal8EqHelperILb0EE7CompareIiiEENS_15AssertionResultEPKcS6_RKT_RKT0_
FN:1417,_ZN7testing8internal8EqHelperILb0EE7CompareINSt7__cxx1112basic_stringIcSt11char_traitsIcESaIcEEEA12_cEENS_15AssertionResultEPKcSD_RKT_RKT0_
FN:1417,_ZN7testing8internal8EqHelperILb0EE7CompareINSt7__cxx1112basic_stringIcSt11char_traitsIcESaIcEEEA13_cEENS_15AssertionResultEPKcSD_RKT_RKT0_
FN:1417,_ZN7testing8internal8EqHelperILb0EE7CompareImiEENS_15AssertionResultEPKcS6_RKT_RKT0_
FN:1417,_ZN7testing8internal8EqHelperILb0EE7CompareINSt7__cxx1112basic_stringIcSt11char_traitsIcESaIcEEEA2_cEENS_15AssertionResultEPKcSD_RKT_RKT0_
FN:1417,_ZN7testing8internal8EqHelperILb0EE7CompareINSt7__cxx1112basic_stringIcSt11char_traitsIcESaIcEEEA7_cEENS_15AssertionResultEPKcSD_RKT_RKT0_
FN:2232,_Z13RUN_ALL_TESTSv
FNDA:0,_ZN7testing8internal18CmpHelperEQFailureINSt7__cxx1112basic_stringIcSt11char_traitsIcESaIcEEEA2_cEENS_15AssertionResultEPKcSB_RKT_RKT0_
FNDA:1,_ZN7testing8internal11CmpHelperEQINSt7__cxx1112basic_stringIcSt11char_traitsIcESaIcEEEA5_cEENS_15AssertionResultEPKcSB_RKT_RKT0_
FNDA:0,_ZN7testing8internal18CmpHelperEQFailureIiiEENS_15AssertionResultEPKcS4_RKT_RKT0_
FNDA:0,_ZN7testing8internal18CmpHelperEQFailureImiEENS_15AssertionResultEPKcS4_RKT_RKT0_
FNDA:1,_ZN7testing8internal8EqHelperILb0EE7CompareINSt7__cxx1112basic_stringIcSt11char_traitsIcESaIcEEEA1_cEENS_15AssertionResultEPKcSD_RKT_RKT0_
FNDA:43,_ZNK7testing15AssertionResultcvbEv
FNDA:0,_ZN7testing8internal18CmpHelperEQFailureINSt7__cxx1112basic_stringIcSt11char_traitsIcESaIcEEEA13_cEENS_15AssertionResultEPKcSB_RKT_RKT0_
FNDA:3,_ZN7testing4Test16TearDownTestCaseEv
FNDA:1,_ZN7testing8internal11CmpHelperEQINSt7__cxx1112basic_stringIcSt11char_traitsIcESaIcEEEA12_cEENS_15AssertionResultEPKcSB_RKT_RKT0_
FNDA:3,_ZN7testing4Test13SetUpTestCaseEv
FNDA:43,_ZN7testing15AssertionResultC2IbEERKT_PNS_8internal8EnableIfIXntsrNS5_21ImplicitlyConvertibleIS2_S0_EE5valueEE4typeE
FNDA:6,_ZN7testing8internal8EqHelperILb0EE7CompareIiiEENS_15AssertionResultEPKcS6_RKT_RKT0_
FNDA:43,_ZN7testing15AssertionResultD2Ev
FNDA:1,_ZN7testing8internal8EqHelperILb0EE7CompareINSt7__cxx1112basic_stringIcSt11char_traitsIcESaIcEEEA5_cEENS_15AssertionResultEPKcSD_RKT_RKT0_
FNDA:0,_ZN7testing8internal18CmpHelperEQFailureINSt7__cxx1112basic_stringIcSt11char_traitsIcESaIcEEEA5_cEENS_15AssertionResultEPKcSB_RKT_RKT0_
FNDA:0,_ZN7testing8internal18CmpHelperEQFailureINSt7__cxx1112basic_stringIcSt11char_traitsIcESaIcEEEA1_cEENS_15AssertionResultEPKcSB_RKT_RKT0_
FNDA:1,_ZN7testing8internal8EqHelperILb0EE7CompareINSt7__cxx1112basic_stringIcSt11char_traitsIcESaIcEEEA12_cEENS_15AssertionResultEPKcSD_RKT_RKT0_
FNDA:1,_ZN7testing8internal8EqHelperILb0EE7CompareINSt7__cxx1112basic_stringIcSt11char_traitsIcESaIcEEEA13_cEENS_15AssertionResultEPKcSD_RKT_RKT0_
FNDA:1,_Z13RUN_ALL_TESTSv
FNDA:0,_ZN7testing4Test5SetupEv
FNDA:0,_ZNK7testing15AssertionResult7messageEv
FNDA:1,_ZN7testing8internal11CmpHelperEQINSt7__cxx1112basic_stringIcSt11char_traitsIcESaIcEEEA1_cEENS_15AssertionResultEPKcSB_RKT_RKT0_
FNDA:2,_ZN7testing8internal8EqHelperILb0EE7CompareINSt7__cxx1112basic_stringIcSt11char_traitsIcESaIcEEEA2_cEENS_15AssertionResultEPKcSD_RKT_RKT0_
FNDA:0,_ZNK7testing15AssertionResult15failure_messageEv
FNDA:1,_ZN7testing8internal8EqHelperILb0EE7CompareINSt7__cxx1112basic_stringIcSt11char_traitsIcESaIcEEEA7_cEENS_15AssertionResultEPKcSD_RKT_RKT0_
FNDA:6,_ZN7testing8internal11CmpHelperEQIiiEENS_15AssertionResultEPKcS4_RKT_RKT0_
FNDA:0,_ZN7testing8internal18CmpHelperEQFailureINSt7__cxx1112basic_stringIcSt11char_traitsIcESaIcEEEA7_cEENS_15AssertionResultEPKcSB_RKT_RKT0_
FNDA:1,_ZN7testing8internal11CmpHelperEQINSt7__cxx1112basic_stringIcSt11char_traitsIcESaIcEEEA7_cEENS_15AssertionResultEPKcSB_RKT_RKT0_
FNDA:0,_ZN7testing8internal18CmpHelperEQFailureINSt7__cxx1112basic_stringIcSt11char_traitsIcESaIcEEEA12_cEENS_15AssertionResultEPKcSB_RKT_RKT0_
FNDA:2,_ZN7testing8internal11CmpHelperEQINSt7__cxx1112basic_stringIcSt11char_traitsIcESaIcEEEA2_cEENS_15AssertionResultEPKcSB_RKT_RKT0_
FNDA:15,_ZN7testing8internal11CmpHelperEQImiEENS_15AssertionResultEPKcS4_RKT_RKT0_
FNDA:15,_ZN7testing8internal8EqHelperILb0EE7CompareImiEENS_15AssertionResultEPKcS6_RKT_RKT0_
FNDA:1,_ZN7testing8internal11CmpHelperEQINSt7__cxx1112basic_stringIcSt11char_traitsIcESaIcEEEA13_cEENS_15AssertionResultEPKcSB_RKT_RKT0_
FNF:33
FNH:22
DA:256,43
DA:272,43
DA:277,43
DA:288,43
DA:297,0
DA:298,0
DA:302,0
DA:389,3
DA:397,3
DA:474,0
DA:1375,0
DA:1382,0
DA:1387,28
DA:1392,28
DA:1393,28
DA:1397,0
DA:1417,28
DA:1421,28
DA:2232,1
DA:2233,1
LF:20
LH:13
end_of_record
TN:test
SF:/usr/include/gtest/internal/gtest-internal.h
FN:466,_ZN7testing8internal15TestFactoryBaseD0Ev
FN:466,_ZN7testing8internal15TestFactoryBaseD2Ev
FN:473,_ZN7testing8internal15TestFactoryBaseC2Ev
FN:482,_ZN7testing8internal15TestFactoryImplI30Automata_HomeworkNFASizes_TestEC2Ev
FN:482,_ZN7testing8internal15TestFactoryImplI26Workshop_ExampleTests_TestED0Ev
FN:482,_ZN7testing8internal15TestFactoryImplI25Automata_MinDFASizes_TestED2Ev
FN:482,_ZN7testing8internal15TestFactoryImplI30Automata_ArbitaryNFASizes_TestED0Ev
FN:482,_ZN7testing8internal15TestFactoryImplI30Additional_TransitionTest_TestEC2Ev
FN:482,_ZN7testing8internal15TestFactoryImplI30Additional_TransitionTest_TestED2Ev
FN:482,_ZN7testing8internal15TestFactoryImplI35Automata_StartStateNumberLimit_TestEC2Ev
FN:482,_ZN7testing8internal15TestFactoryImplI22Workshop_InfTests_TestED0Ev
FN:482,_ZN7testing8internal15TestFactoryImplI27Workshop_ErrorHandling_TestED2Ev
FN:482,_ZN7testing8internal15TestFactoryImplI25Additional_StateTest_TestED0Ev
FN:482,_ZN7testing8internal15TestFactoryImplI22Workshop_InfTests_TestEC2Ev
FN:482,_ZN7testing8internal15TestFactoryImplI25Additional_StateTest_TestEC2Ev
FN:482,_ZN7testing8internal15TestFactoryImplI25Automata_MinDFASizes_TestEC2Ev
FN:482,_ZN7testing8internal15TestFactoryImplI30Automata_ArbitaryNFASizes_TestEC2Ev
FN:482,_ZN7testing8internal15TestFactoryImplI35Automata_StartStateNumberLimit_TestED2Ev
FN:482,_ZN7testing8internal15TestFactoryImplI30Automata_HomeworkNFASizes_TestED2Ev
FN:482,_ZN7testing8internal15TestFactoryImplI30Automata_HomeworkNFASizes_TestED0Ev
FN:482,_ZN7testing8internal15TestFactoryImplI30Additional_TransitionTest_TestED0Ev
FN:482,_ZN7testing8internal15TestFactoryImplI22Workshop_InfTests_TestED2Ev
FN:482,_ZN7testing8internal15TestFactoryImplI30Automata_ArbitaryNFASizes_TestED2Ev
FN:482,_ZN7testing8internal15TestFactoryImplI25Additional_StateTest_TestED2Ev
FN:482,_ZN7testing8internal15TestFactoryImplI26Workshop_ExampleTests_TestEC2Ev
FN:482,_ZN7testing8internal15TestFactoryImplI27Workshop_ErrorHandling_TestED0Ev
FN:482,_ZN7testing8internal15TestFactoryImplI26Workshop_ExampleTests_TestED2Ev
FN:482,_ZN7testing8internal15TestFactoryImplI25Automata_MinDFASizes_TestED0Ev
FN:482,_ZN7testing8internal15TestFactoryImplI27Workshop_ErrorHandling_TestEC2Ev
FN:482,_ZN7testing8internal15TestFactoryImplI35Automata_StartStateNumberLimit_TestED0Ev
FN:484,_ZN7testing8internal15TestFactoryImplI26Workshop_ExampleTests_TestE10CreateTestEv
FN:484,_ZN7testing8internal15TestFactoryImplI25Additional_StateTest_TestE10CreateTestEv
FN:484,_ZN7testing8internal15TestFactoryImplI35Automata_StartStateNumberLimit_TestE10CreateTestEv
FN:484,_ZN7testing8internal15TestFactoryImplI27Workshop_ErrorHandling_TestE10CreateTestEv
FN:484,_ZN7testing8internal15TestFactoryImplI30Automata_ArbitaryNFASizes_TestE10CreateTestEv
FN:484,_ZN7testing8internal15TestFactoryImplI30Automata_HomeworkNFASizes_TestE10CreateTestEv
FN:484,_ZN7testing8internal15TestFactoryImplI25Automata_MinDFASizes_TestE10CreateTestEv
FN:484,_ZN7testing8internal15TestFactoryImplI22Workshop_InfTests_TestE10CreateTestEv
FN:484,_ZN7testing8internal15TestFactoryImplI30Additional_TransitionTest_TestE10CreateTestEv
FN:504,_ZN7testing8internal12CodeLocationD2Ev
FN:505,_ZN7testing8internal12CodeLocationC2ERKNSt7__cxx1112basic_stringIcSt11char_traitsIcESaIcEEEi
FN:742,_ZN7testing8internal12ConstCharPtrC2EPKc
FN:743,_ZNK7testing8internal12ConstCharPtrcvbEv
FN:940,_ZN7testing8internal15IsContainerTestImEEcl
FN:940,_ZN7testing8internal15IsContainerTestIiEEcl
FNDA:1,_ZN7testing8internal15TestFactoryImplI25Additional_StateTest_TestED0Ev
FNDA:9,_ZN7testing8internal15TestFactoryBaseC2Ev
FNDA:1,_ZN7testing8internal15TestFactoryImplI22Workshop_InfTests_TestEC2Ev
FNDA:1,_ZN7testing8internal15TestFactoryImplI25Additional_StateTest_TestEC2Ev
FNDA:0,_ZN7testing8internal15IsContainerTestIiEEcl
FNDA:1,_ZN7testing8internal15TestFactoryImplI35Automata_StartStateNumberLimit_TestE10CreateTestEv
FNDA:1,_ZN7testing8internal15TestFactoryImplI25Automata_MinDFASizes_TestEC2Ev
FNDA:1,_ZN7testing8internal15TestFactoryImplI27Workshop_ErrorHandling_TestE10CreateTestEv
FNDA:1,_ZN7testing8internal15TestFactoryImplI30Automata_ArbitaryNFASizes_TestEC2Ev
FNDA:1,_ZN7testing8internal15TestFactoryImplI30Automata_ArbitaryNFASizes_TestE10CreateTestEv
FNDA:9,_ZN7testing8internal12CodeLocationC2ERKNSt7__cxx1112basic_stringIcSt11char_traitsIcESaIcEEEi
FNDA:5,_ZNK7testing8internal12ConstCharPtrcvbEv
FNDA:1,_ZN7testing8internal15TestFactoryImplI30Automata_HomeworkNFASizes_TestEC2Ev
FNDA:1,_ZN7testing8internal15TestFactoryImplI26Workshop_ExampleTests_TestE10CreateTestEv
FNDA:1,_ZN7testing8internal15TestFactoryImplI26Workshop_ExampleTests_TestED0Ev
FNDA:5,_ZN7testing8internal12ConstCharPtrC2EPKc
FNDA:1,_ZN7testing8internal15TestFactoryImplI25Additional_StateTest_TestE10CreateTestEv
FNDA:1,_ZN7testing8internal15TestFactoryImplI25Automata_MinDFASizes_TestED2Ev
FNDA:1,_ZN7testing8internal15TestFactoryImplI30Automata_ArbitaryNFASizes_TestED0Ev
FNDA:1,_ZN7testing8internal15TestFactoryImplI30Additional_TransitionTest_TestED2Ev
FNDA:1,_ZN7testing8internal15TestFactoryImplI30Additional_TransitionTest_TestEC2Ev
FNDA:1,_ZN7testing8internal15TestFactoryImplI22Workshop_InfTests_TestED0Ev
FNDA:1,_ZN7testing8internal15TestFactoryImplI35Automata_StartStateNumberLimit_TestEC2Ev
FNDA:0,_ZN7testing8internal15IsContainerTestImEEcl
FNDA:1,_ZN7testing8internal15TestFactoryImplI27Workshop_ErrorHandling_TestED2Ev
FNDA:1,_ZN7testing8internal15TestFactoryImplI30Automata_ArbitaryNFASizes_TestED2Ev
FNDA:1,_ZN7testing8internal15TestFactoryImplI25Additional_StateTest_TestED2Ev
FNDA:1,_ZN7testing8internal15TestFactoryImplI26Workshop_ExampleTests_TestEC2Ev
FNDA:1,_ZN7testing8internal15TestFactoryImplI27Workshop_ErrorHandling_TestED0Ev
FNDA:1,_ZN7testing8internal15TestFactoryImplI26Workshop_ExampleTests_TestED2Ev
FNDA:1,_ZN7testing8internal15TestFactoryImplI25Automata_MinDFASizes_TestE10CreateTestEv
FNDA:1,_ZN7testing8internal15TestFactoryImplI27Workshop_ErrorHandling_TestEC2Ev
FNDA:1,_ZN7testing8internal15TestFactoryImplI25Automata_MinDFASizes_TestED0Ev
FNDA:1,_ZN7testing8internal15TestFactoryImplI22Workshop_InfTests_TestE10CreateTestEv
FNDA:1,_ZN7testing8internal15TestFactoryImplI30Additional_TransitionTest_TestE10CreateTestEv
FNDA:1,_ZN7testing8internal15TestFactoryImplI35Automata_StartStateNumberLimit_TestED0Ev
FNDA:9,_ZN7testing8internal15TestFactoryBaseD2Ev
FNDA:1,_ZN7testing8internal15TestFactoryImplI35Automata_StartStateNumberLimit_TestED2Ev
FNDA:1,_ZN7testing8internal15TestFactoryImplI30Automata_HomeworkNFASizes_TestED2Ev
FNDA:1,_ZN7testing8internal15TestFactoryImplI30Automata_HomeworkNFASizes_TestE10CreateTestEv
FNDA:0,_ZN7testing8internal15TestFactoryBaseD0Ev
FNDA:1,_ZN7testing8internal15TestFactoryImplI30Automata_HomeworkNFASizes_TestED0Ev
FNDA:1,_ZN7testing8internal15TestFactoryImplI30Additional_TransitionTest_TestED0Ev
FNDA:27,_ZN7testing8internal12CodeLocationD2Ev
FNDA:1,_ZN7testing8internal15TestFactoryImplI22Workshop_InfTests_TestED2Ev
FNF:45
FNH:42
DA:466,9
DA:473,9
DA:482,27
DA:484,9
DA:504,27
DA:505,9
DA:742,5
DA:743,5
DA:940,0
LF:9
LH:8
end_of_record
TN:test
SF:/usr/include/gtest/internal/gtest-port.h
FN:1119,_ZN7testing8internal10scoped_ptrINSt7__cxx1112basic_stringIcSt11char_traitsIcESaIcEEEEC2EPS7_
FN:1120,_ZN7testing8internal10scoped_ptrINSt7__cxx1118basic_stringstreamIcSt11char_traitsIcESaIcEEEED2Ev
FN:1120,_ZN7testing8internal10scoped_ptrINSt7__cxx1112basic_stringIcSt11char_traitsIcESaIcEEEED2Ev
FN:1123,_ZNK7testing8internal10scoped_ptrINSt7__cxx1112basic_stringIcSt11char_traitsIcESaIcEEEEptEv
FN:1124,_ZNK7testing8internal10scoped_ptrINSt7__cxx1112basic_stringIcSt11char_traitsIcESaIcEEEE3getEv
FN:1132,_ZN7testing8internal10scoped_ptrINSt7__cxx1118basic_stringstreamIcSt11char_traitsIcESaIcEEEE5resetEPS7_
FN:1132,_ZN7testing8internal10scoped_ptrINSt7__cxx1112basic_stringIcSt11char_traitsIcESaIcEEEE5resetEPS7_
FNDA:57,_ZN7testing8internal10scoped_ptrINSt7__cxx1118basic_stringstreamIcSt11char_traitsIcESaIcEEEED2Ev
FNDA:43,_ZN7testing8internal10scoped_ptrINSt7__cxx1112basic_stringIcSt11char_traitsIcESaIcEEEED2Ev
FNDA:43,_ZN7testing8internal10scoped_ptrINSt7__cxx1112basic_stringIcSt11char_traitsIcESaIcEEEE5resetEPS7_
FNDA:0,_ZNK7testing8internal10scoped_ptrINSt7__cxx1112basic_stringIcSt11char_traitsIcESaIcEEEEptEv
FNDA:43,_ZN7testing8internal10scoped_ptrINSt7__cxx1112basic_stringIcSt11char_traitsIcESaIcEEEEC2EPS7_
FNDA:0,_ZNK7testing8internal10scoped_ptrINSt7__cxx1112basic_stringIcSt11char_traitsIcESaIcEEEE3getEv
FNDA:57,_ZN7testing8internal10scoped_ptrINSt7__cxx1118basic_stringstreamIcSt11char_traitsIcESaIcEEEE5resetEPS7_
FNF:7
FNH:5
DA:1119,43
DA:1120,100
DA:1123,0
DA:1124,0
DA:1132,100
DA:1133,100
DA:1134,57
DA:1135,57
DA:1137,57
DA:1139,100
LF:10
LH:8
end_of_record
